#
# There is insufficient memory for the Java Runtime Environment to continue.
# Native memory allocation (malloc) failed to allocate 616368 bytes for Chunk::new
# Possible reasons:
#   The system is out of physical RAM or swap space
#   The process is running with CompressedOops enabled, and the Java Heap may be blocking the growth of the native heap
# Possible solutions:
#   Reduce memory load on the system
#   Increase physical memory or swap space
#   Check if swap backing store is full
#   Decrease Java heap size (-Xmx/-Xms)
#   Decrease number of Java threads
#   Decrease Java thread stack sizes (-Xss)
#   Set larger code cache with -XX:ReservedCodeCacheSize=
#   JVM is running with Unscaled Compressed Oops mode in which the Java heap is
#     placed in the first 4GB address space. The Java Heap base address is the
#     maximum limit for the native heap growth. Please use -XX:HeapBaseMinAddress
#     to set the Java Heap base and to place the Java Heap above 4GB virtual address.
# This output file may be truncated or incomplete.
#
#  Out of Memory Error (arena.cpp:189), pid=15920, tid=7288
#
# JRE version: Java(TM) SE Runtime Environment (17.0.10+11) (build 17.0.10+11-LTS-240)
# Java VM: Java HotSpot(TM) 64-Bit Server VM (17.0.10+11-LTS-240, mixed mode, sharing, tiered, compressed oops, compressed class ptrs, g1 gc, windows-amd64)
# No core dump will be written. Minidumps are not enabled by default on client versions of Windows
#

---------------  S U M M A R Y ------------

Command Line: --add-opens=java.base/java.util=ALL-UNNAMED --add-opens=java.base/java.lang=ALL-UNNAMED --add-opens=java.base/java.lang.invoke=ALL-UNNAMED --add-opens=java.prefs/java.util.prefs=ALL-UNNAMED --add-opens=java.base/java.nio.charset=ALL-UNNAMED --add-opens=java.base/java.net=ALL-UNNAMED --add-opens=java.base/java.util.concurrent.atomic=ALL-UNNAMED -XX:MaxMetaspaceSize=384m -XX:+HeapDumpOnOutOfMemoryError -Xms256m -Xmx512m -Dfile.encoding=utf8 -Duser.country=KR -Duser.language=ko -Duser.variant -javaagent:C:\Users\jswto\.gradle\wrapper\dists\gradle-8.7-bin\bhs2wmbdwecv87pi65oeuq5iu\gradle-8.7\lib\agents\gradle-instrumentation-agent-8.7.jar org.gradle.launcher.daemon.bootstrap.GradleDaemon 8.7

Host: AMD Ryzen 5 5625U with Radeon Graphics         , 12 cores, 13G,  Windows 11 , 64 bit Build 22621 (10.0.22621.3374)
Time: Wed May  8 04:19:23 2024  Windows 11 , 64 bit Build 22621 (10.0.22621.3374) elapsed time: 10.302687 seconds (0d 0h 0m 10s)

---------------  T H R E A D  ---------------

Current thread (0x000001eacce8a580):  JavaThread "C2 CompilerThread1" daemon [_thread_in_native, id=7288, stack(0x000000b6c3000000,0x000000b6c3100000)]


Current CompileTask:
C2:  10302 5703       4       sun.reflect.generics.parser.SignatureParser::parsePackageNameAndSimpleClassTypeSignature (119 bytes)

Stack: [0x000000b6c3000000,0x000000b6c3100000]
Native frames: (J=compiled Java code, j=interpreted, Vv=VM code, C=native code)
V  [jvm.dll+0x677a5a]
V  [jvm.dll+0x7d8b2d]
V  [jvm.dll+0x7da48e]
V  [jvm.dll+0x7daaf3]
V  [jvm.dll+0x2455ff]
V  [jvm.dll+0xaaafb]
V  [jvm.dll+0xab09c]
V  [jvm.dll+0x361bae]
V  [jvm.dll+0x1bb055]
V  [jvm.dll+0x217aa7]
V  [jvm.dll+0x216d81]
V  [jvm.dll+0x1a3410]
V  [jvm.dll+0x226aeb]
V  [jvm.dll+0x224cab]
V  [jvm.dll+0x78e45c]
V  [jvm.dll+0x78888a]
V  [jvm.dll+0x676935]
C  [ucrtbase.dll+0x29333]
C  [KERNEL32.DLL+0x1257d]
C  [ntdll.dll+0x5aa48]


---------------  P R O C E S S  ---------------

Threads class SMR info:
_java_thread_list=0x000001eacf3d2680, length=63, elements={
0x000001ea94e9bc90, 0x000001eab1b11f90, 0x000001eab1b12e10, 0x000001eab1b42720,
0x000001eab1b31380, 0x000001eab1b33e50, 0x000001eab1b34810, 0x000001eab1b359c0,
0x000001eab1b36470, 0x000001eab1b3b290, 0x000001eacb0d04d0, 0x000001eacb176ff0,
0x000001eacce8dc10, 0x000001eacb54ce80, 0x000001eacbfca440, 0x000001eacd368de0,
0x000001eacc94b240, 0x000001eaccaaf6b0, 0x000001eaccaad340, 0x000001eaccaae270,
0x000001eaccab00d0, 0x000001eaccab0af0, 0x000001eacce8a580, 0x000001eaccaaf1a0,
0x000001eaccaad850, 0x000001eaccaadd60, 0x000001eaccaafbc0, 0x000001eaccab05e0,
0x000001eaccaaec90, 0x000001eacecdcd90, 0x000001eacecd81a0, 0x000001eacecd95e0,
0x000001eacecdb950, 0x000001eacecdc370, 0x000001eacecdc880, 0x000001eacecd86b0,
0x000001eacecda510, 0x000001eacf9c61a0, 0x000001eacf9c5780, 0x000001eacbe69730,
0x000001eacbe67de0, 0x000001eacbe682f0, 0x000001eacbe69220, 0x000001eacbe68800,
0x000001eacbe68d10, 0x000001ead046e120, 0x000001ead046d1f0, 0x000001eacf9c6bc0,
0x000001eacfa18a70, 0x000001eacfa18f80, 0x000001eacf3e7d40, 0x000001eacf3e8250,
0x000001eacf3e7830, 0x000001ead0182380, 0x000001ead0181450, 0x000001ead0180010,
0x000001ead0181e70, 0x000001eacecddcc0, 0x000001eacecdf610, 0x000001eacecde6e0,
0x000001eacecdebf0, 0x000001ead046c7d0, 0x000001ead046d700
}

Java Threads: ( => current thread )
  0x000001ea94e9bc90 JavaThread "main" [_thread_blocked, id=25884, stack(0x000000b6c0e00000,0x000000b6c0f00000)]
  0x000001eab1b11f90 JavaThread "Reference Handler" daemon [_thread_blocked, id=29560, stack(0x000000b6c1500000,0x000000b6c1600000)]
  0x000001eab1b12e10 JavaThread "Finalizer" daemon [_thread_blocked, id=12588, stack(0x000000b6c1600000,0x000000b6c1700000)]
  0x000001eab1b42720 JavaThread "Signal Dispatcher" daemon [_thread_blocked, id=31416, stack(0x000000b6c1700000,0x000000b6c1800000)]
  0x000001eab1b31380 JavaThread "Attach Listener" daemon [_thread_blocked, id=19032, stack(0x000000b6c1800000,0x000000b6c1900000)]
  0x000001eab1b33e50 JavaThread "Service Thread" daemon [_thread_blocked, id=47056, stack(0x000000b6c1900000,0x000000b6c1a00000)]
  0x000001eab1b34810 JavaThread "Monitor Deflation Thread" daemon [_thread_blocked, id=20232, stack(0x000000b6c1a00000,0x000000b6c1b00000)]
  0x000001eab1b359c0 JavaThread "C2 CompilerThread0" daemon [_thread_in_native, id=15656, stack(0x000000b6c1b00000,0x000000b6c1c00000)]
  0x000001eab1b36470 JavaThread "C1 CompilerThread0" daemon [_thread_blocked, id=37020, stack(0x000000b6c1c00000,0x000000b6c1d00000)]
  0x000001eab1b3b290 JavaThread "Sweeper thread" daemon [_thread_blocked, id=33292, stack(0x000000b6c1d00000,0x000000b6c1e00000)]
  0x000001eacb0d04d0 JavaThread "Common-Cleaner" daemon [_thread_blocked, id=34444, stack(0x000000b6c1e00000,0x000000b6c1f00000)]
  0x000001eacb176ff0 JavaThread "Notification Thread" daemon [_thread_blocked, id=31796, stack(0x000000b6c2000000,0x000000b6c2100000)]
  0x000001eacce8dc10 JavaThread "Daemon health stats" [_thread_blocked, id=22980, stack(0x000000b6c2800000,0x000000b6c2900000)]
  0x000001eacb54ce80 JavaThread "Incoming local TCP Connector on port 4686" [_thread_in_native, id=13000, stack(0x000000b6c1f00000,0x000000b6c2000000)]
  0x000001eacbfca440 JavaThread "Daemon periodic checks" [_thread_blocked, id=2672, stack(0x000000b6c2200000,0x000000b6c2300000)]
  0x000001eacd368de0 JavaThread "Daemon" [_thread_blocked, id=37328, stack(0x000000b6c2900000,0x000000b6c2a00000)]
  0x000001eacc94b240 JavaThread "Handler for socket connection from /127.0.0.1:4686 to /127.0.0.1:4687" [_thread_in_native, id=45588, stack(0x000000b6c2a00000,0x000000b6c2b00000)]
  0x000001eaccaaf6b0 JavaThread "Cancel handler" [_thread_blocked, id=42104, stack(0x000000b6c2b00000,0x000000b6c2c00000)]
  0x000001eaccaad340 JavaThread "Daemon worker" [_thread_in_Java, id=46008, stack(0x000000b6c2c00000,0x000000b6c2d00000)]
  0x000001eaccaae270 JavaThread "Asynchronous log dispatcher for DefaultDaemonConnection: socket connection from /127.0.0.1:4686 to /127.0.0.1:4687" [_thread_blocked, id=21432, stack(0x000000b6c2d00000,0x000000b6c2e00000)]
  0x000001eaccab00d0 JavaThread "Stdin handler" [_thread_blocked, id=5972, stack(0x000000b6c2e00000,0x000000b6c2f00000)]
  0x000001eaccab0af0 JavaThread "Daemon client event forwarder" [_thread_blocked, id=39184, stack(0x000000b6c2f00000,0x000000b6c3000000)]
=>0x000001eacce8a580 JavaThread "C2 CompilerThread1" daemon [_thread_in_native, id=7288, stack(0x000000b6c3000000,0x000000b6c3100000)]
  0x000001eaccaaf1a0 JavaThread "Cache worker for journal cache (C:\Users\jswto\.gradle\caches\journal-1)" [_thread_blocked, id=18528, stack(0x000000b6c3100000,0x000000b6c3200000)]
  0x000001eaccaad850 JavaThread "File lock request listener" [_thread_in_native, id=12684, stack(0x000000b6c3200000,0x000000b6c3300000)]
  0x000001eaccaadd60 JavaThread "Cache worker for file hash cache (C:\Users\jswto\.gradle\caches\8.7\fileHashes)" [_thread_blocked, id=44952, stack(0x000000b6c3300000,0x000000b6c3400000)]
  0x000001eaccaafbc0 JavaThread "Cache worker for file hash cache (C:\Users\jswto\git\zzoom\.gradle\8.7\fileHashes)" [_thread_blocked, id=12520, stack(0x000000b6c3800000,0x000000b6c3900000)]
  0x000001eaccab05e0 JavaThread "File watcher server" daemon [_thread_in_native, id=8556, stack(0x000000b6c3900000,0x000000b6c3a00000)]
  0x000001eaccaaec90 JavaThread "File watcher consumer" daemon [_thread_blocked, id=42528, stack(0x000000b6c3a00000,0x000000b6c3b00000)]
  0x000001eacecdcd90 JavaThread "Cache worker for checksums cache (C:\Users\jswto\git\zzoom\.gradle\8.7\checksums)" [_thread_blocked, id=13588, stack(0x000000b6c3d00000,0x000000b6c3e00000)]
  0x000001eacecd81a0 JavaThread "Cache worker for cache directory md-supplier (C:\Users\jswto\.gradle\caches\8.7\md-supplier)" [_thread_blocked, id=10692, stack(0x000000b6c3e00000,0x000000b6c3f00000)]
  0x000001eacecd95e0 JavaThread "Cache worker for cache directory md-rule (C:\Users\jswto\.gradle\caches\8.7\md-rule)" [_thread_blocked, id=38504, stack(0x000000b6c3f00000,0x000000b6c4000000)]
  0x000001eacecdb950 JavaThread "Cache worker for file content cache (C:\Users\jswto\.gradle\caches\8.7\fileContent)" [_thread_blocked, id=46148, stack(0x000000b6c4000000,0x000000b6c4100000)]
  0x000001eacecdc370 JavaThread "jar transforms" [_thread_blocked, id=48328, stack(0x000000b6c4100000,0x000000b6c4200000)]
  0x000001eacecdc880 JavaThread "jar transforms Thread 2" [_thread_blocked, id=18132, stack(0x000000b6c4200000,0x000000b6c4300000)]
  0x000001eacecd86b0 JavaThread "jar transforms Thread 3" [_thread_blocked, id=44380, stack(0x000000b6c4400000,0x000000b6c4500000)]
  0x000001eacecda510 JavaThread "jar transforms Thread 4" [_thread_blocked, id=19800, stack(0x000000b6c4500000,0x000000b6c4600000)]
  0x000001eacf9c61a0 JavaThread "Cache worker for Build Output Cleanup Cache (C:\Users\jswto\git\zzoom\.gradle\buildOutputCleanup)" [_thread_blocked, id=24072, stack(0x000000b6c4600000,0x000000b6c4700000)]
  0x000001eacf9c5780 JavaThread "jar transforms Thread 5" [_thread_blocked, id=21164, stack(0x000000b6c4700000,0x000000b6c4800000)]
  0x000001eacbe69730 JavaThread "Unconstrained build operations" [_thread_blocked, id=12320, stack(0x000000b6c4800000,0x000000b6c4900000)]
  0x000001eacbe67de0 JavaThread "Unconstrained build operations Thread 2" [_thread_blocked, id=33420, stack(0x000000b6c4900000,0x000000b6c4a00000)]
  0x000001eacbe682f0 JavaThread "Unconstrained build operations Thread 3" [_thread_blocked, id=12880, stack(0x000000b6c4a00000,0x000000b6c4b00000)]
  0x000001eacbe69220 JavaThread "Unconstrained build operations Thread 4" [_thread_blocked, id=39144, stack(0x000000b6c4b00000,0x000000b6c4c00000)]
  0x000001eacbe68800 JavaThread "Unconstrained build operations Thread 5" [_thread_blocked, id=27440, stack(0x000000b6c4c00000,0x000000b6c4d00000)]
  0x000001eacbe68d10 JavaThread "Unconstrained build operations Thread 6" [_thread_blocked, id=26236, stack(0x000000b6c4d00000,0x000000b6c4e00000)]
  0x000001ead046e120 JavaThread "Unconstrained build operations Thread 7" [_thread_blocked, id=48168, stack(0x000000b6c4e00000,0x000000b6c4f00000)]
  0x000001ead046d1f0 JavaThread "Unconstrained build operations Thread 8" [_thread_blocked, id=48768, stack(0x000000b6c4f00000,0x000000b6c5000000)]
  0x000001eacf9c6bc0 JavaThread "Unconstrained build operations Thread 9" [_thread_blocked, id=21168, stack(0x000000b6c5000000,0x000000b6c5100000)]
  0x000001eacfa18a70 JavaThread "Unconstrained build operations Thread 10" [_thread_blocked, id=30628, stack(0x000000b6c5100000,0x000000b6c5200000)]
  0x000001eacfa18f80 JavaThread "Unconstrained build operations Thread 11" [_thread_blocked, id=43088, stack(0x000000b6c5200000,0x000000b6c5300000)]
  0x000001eacf3e7d40 JavaThread "Unconstrained build operations Thread 12" [_thread_blocked, id=16592, stack(0x000000b6c5300000,0x000000b6c5400000)]
  0x000001eacf3e8250 JavaThread "Unconstrained build operations Thread 13" [_thread_blocked, id=3012, stack(0x000000b6c5400000,0x000000b6c5500000)]
  0x000001eacf3e7830 JavaThread "Unconstrained build operations Thread 14" [_thread_blocked, id=39904, stack(0x000000b6c5500000,0x000000b6c5600000)]
  0x000001ead0182380 JavaThread "Unconstrained build operations Thread 15" [_thread_blocked, id=21528, stack(0x000000b6c5600000,0x000000b6c5700000)]
  0x000001ead0181450 JavaThread "Unconstrained build operations Thread 16" [_thread_blocked, id=11200, stack(0x000000b6c5700000,0x000000b6c5800000)]
  0x000001ead0180010 JavaThread "Unconstrained build operations Thread 17" [_thread_blocked, id=49184, stack(0x000000b6c5800000,0x000000b6c5900000)]
  0x000001ead0181e70 JavaThread "Unconstrained build operations Thread 18" [_thread_blocked, id=34144, stack(0x000000b6c5900000,0x000000b6c5a00000)]
  0x000001eacecddcc0 JavaThread "Unconstrained build operations Thread 19" [_thread_blocked, id=28340, stack(0x000000b6c5a00000,0x000000b6c5b00000)]
  0x000001eacecdf610 JavaThread "Unconstrained build operations Thread 20" [_thread_blocked, id=35876, stack(0x000000b6c5b00000,0x000000b6c5c00000)]
  0x000001eacecde6e0 JavaThread "Unconstrained build operations Thread 21" [_thread_blocked, id=39780, stack(0x000000b6c5c00000,0x000000b6c5d00000)]
  0x000001eacecdebf0 JavaThread "Unconstrained build operations Thread 22" [_thread_blocked, id=18464, stack(0x000000b6c5d00000,0x000000b6c5e00000)]
  0x000001ead046c7d0 JavaThread "Memory manager" [_thread_blocked, id=2488, stack(0x000000b6c5e00000,0x000000b6c5f00000)]
  0x000001ead046d700 JavaThread "jar transforms Thread 6" [_thread_blocked, id=37772, stack(0x000000b6c4300000,0x000000b6c4400000)]

Other Threads:
  0x000001eab1b10700 VMThread "VM Thread" [stack: 0x000000b6c1400000,0x000000b6c1500000] [id=32040]
  0x000001eacb1be650 WatcherThread [stack: 0x000000b6c2100000,0x000000b6c2200000] [id=15196]
  0x000001ea94ec9820 GCTaskThread "GC Thread#0" [stack: 0x000000b6c0f00000,0x000000b6c1000000] [id=22144]
  0x000001eacc404c60 GCTaskThread "GC Thread#1" [stack: 0x000000b6c2300000,0x000000b6c2400000] [id=8848]
  0x000001eacc7a5010 GCTaskThread "GC Thread#2" [stack: 0x000000b6c2400000,0x000000b6c2500000] [id=14188]
  0x000001eacc7a52d0 GCTaskThread "GC Thread#3" [stack: 0x000000b6c2500000,0x000000b6c2600000] [id=41300]
  0x000001eacc7a5590 GCTaskThread "GC Thread#4" [stack: 0x000000b6c2600000,0x000000b6c2700000] [id=20768]
  0x000001eacc7a5850 GCTaskThread "GC Thread#5" [stack: 0x000000b6c2700000,0x000000b6c2800000] [id=37256]
  0x000001eaced4ed10 GCTaskThread "GC Thread#6" [stack: 0x000000b6c3400000,0x000000b6c3500000] [id=27264]
  0x000001eacd81c520 GCTaskThread "GC Thread#7" [stack: 0x000000b6c3500000,0x000000b6c3600000] [id=28364]
  0x000001eacd81c7e0 GCTaskThread "GC Thread#8" [stack: 0x000000b6c3600000,0x000000b6c3700000] [id=16580]
  0x000001eace332030 GCTaskThread "GC Thread#9" [stack: 0x000000b6c3700000,0x000000b6c3800000] [id=43360]
  0x000001ea94d8e8d0 ConcurrentGCThread "G1 Main Marker" [stack: 0x000000b6c1000000,0x000000b6c1100000] [id=29280]
  0x000001ea94eca920 ConcurrentGCThread "G1 Conc#0" [stack: 0x000000b6c1100000,0x000000b6c1200000] [id=34940]
  0x000001eacd87ba30 ConcurrentGCThread "G1 Conc#1" [stack: 0x000000b6c3b00000,0x000000b6c3c00000] [id=28964]
  0x000001eacd87bcf0 ConcurrentGCThread "G1 Conc#2" [stack: 0x000000b6c3c00000,0x000000b6c3d00000] [id=21024]
  0x000001eab19d2550 ConcurrentGCThread "G1 Refine#0" [stack: 0x000000b6c1200000,0x000000b6c1300000] [id=48784]
  0x000001eace69d070 ConcurrentGCThread "G1 Refine#1" [stack: 0x000000b6c5f00000,0x000000b6c6000000] [id=45364]
  0x000001eab19d3ea0 ConcurrentGCThread "G1 Service" [stack: 0x000000b6c1300000,0x000000b6c1400000] [id=39256]

Threads with active compile tasks:
C2 CompilerThread0    10331 5746       4       org.codehaus.groovy.runtime.metaclass.MetaMethodIndex::isMatchingMethod (61 bytes)
C2 CompilerThread1    10331 5703       4       sun.reflect.generics.parser.SignatureParser::parsePackageNameAndSimpleClassTypeSignature (119 bytes)

VM state: not at safepoint (normal execution)

VM Mutex/Monitor currently owned by a thread: None

Heap address: 0x00000000e0000000, size: 512 MB, Compressed Oops mode: 32-bit

CDS archive(s) mapped at: [0x000001eab2000000-0x000001eab2bd0000-0x000001eab2bd0000), size 12386304, SharedBaseAddress: 0x000001eab2000000, ArchiveRelocationMode: 1.
Compressed class space mapped at: 0x000001eab3000000-0x000001eac7000000, reserved size: 335544320
Narrow klass base: 0x000001eab2000000, Narrow klass shift: 0, Narrow klass range: 0x100000000

GC Precious Log:
 CPUs: 12 total, 12 available
 Memory: 14158M
 Large Page Support: Disabled
 NUMA Support: Disabled
 Compressed Oops: Enabled (32-bit)
 Heap Region Size: 1M
 Heap Min Capacity: 256M
 Heap Initial Capacity: 256M
 Heap Max Capacity: 512M
 Pre-touch: Disabled
 Parallel Workers: 10
 Concurrent Workers: 3
 Concurrent Refinement Workers: 10
 Periodic GC: Disabled

Heap:
 garbage-first heap   total 262144K, used 47664K [0x00000000e0000000, 0x0000000100000000)
  region size 1024K, 17 young (17408K), 10 survivors (10240K)
 Metaspace       used 48664K, committed 49280K, reserved 393216K
  class space    used 6988K, committed 7296K, reserved 327680K

Heap Regions: E=young(eden), S=young(survivor), O=old, HS=humongous(starts), HC=humongous(continues), CS=collection set, F=free, OA=open archive, CA=closed archive, TAMS=top-at-mark-start (previous, next)
|   0|0x00000000e0000000, 0x00000000e0100000, 0x00000000e0100000|100%|HS|  |TAMS 0x00000000e0100000, 0x00000000e0000000| Complete 
|   1|0x00000000e0100000, 0x00000000e0200000, 0x00000000e0200000|100%|HC|  |TAMS 0x00000000e0200000, 0x00000000e0100000| Complete 
|   2|0x00000000e0200000, 0x00000000e0300000, 0x00000000e0300000|100%|HC|  |TAMS 0x00000000e0300000, 0x00000000e0200000| Complete 
|   3|0x00000000e0300000, 0x00000000e0400000, 0x00000000e0400000|100%|HC|  |TAMS 0x00000000e0400000, 0x00000000e0300000| Complete 
|   4|0x00000000e0400000, 0x00000000e0500000, 0x00000000e0500000|100%| O|  |TAMS 0x00000000e0500000, 0x00000000e0400000| Untracked 
|   5|0x00000000e0500000, 0x00000000e0500000, 0x00000000e0600000|  0%| F|  |TAMS 0x00000000e0500000, 0x00000000e0500000| Untracked 
|   6|0x00000000e0600000, 0x00000000e0700000, 0x00000000e0700000|100%| O|  |TAMS 0x00000000e0700000, 0x00000000e0600000| Untracked 
|   7|0x00000000e0700000, 0x00000000e0800000, 0x00000000e0800000|100%| O|  |TAMS 0x00000000e0800000, 0x00000000e0700000| Untracked 
|   8|0x00000000e0800000, 0x00000000e0900000, 0x00000000e0900000|100%| O|  |TAMS 0x00000000e0900000, 0x00000000e0800000| Untracked 
|   9|0x00000000e0900000, 0x00000000e0a00000, 0x00000000e0a00000|100%| O|  |TAMS 0x00000000e0a00000, 0x00000000e0900000| Untracked 
|  10|0x00000000e0a00000, 0x00000000e0b00000, 0x00000000e0b00000|100%| O|  |TAMS 0x00000000e0b00000, 0x00000000e0a00000| Untracked 
|  11|0x00000000e0b00000, 0x00000000e0c00000, 0x00000000e0c00000|100%| O|  |TAMS 0x00000000e0c00000, 0x00000000e0b00000| Untracked 
|  12|0x00000000e0c00000, 0x00000000e0d00000, 0x00000000e0d00000|100%| O|  |TAMS 0x00000000e0d00000, 0x00000000e0c00000| Untracked 
|  13|0x00000000e0d00000, 0x00000000e0e00000, 0x00000000e0e00000|100%| O|  |TAMS 0x00000000e0e00000, 0x00000000e0d00000| Untracked 
|  14|0x00000000e0e00000, 0x00000000e0f00000, 0x00000000e0f00000|100%| O|  |TAMS 0x00000000e0f00000, 0x00000000e0e00000| Untracked 
|  15|0x00000000e0f00000, 0x00000000e1000000, 0x00000000e1000000|100%| O|  |TAMS 0x00000000e1000000, 0x00000000e0f00000| Untracked 
|  16|0x00000000e1000000, 0x00000000e1100000, 0x00000000e1100000|100%| O|  |TAMS 0x00000000e1100000, 0x00000000e1000000| Untracked 
|  17|0x00000000e1100000, 0x00000000e1200000, 0x00000000e1200000|100%| O|  |TAMS 0x00000000e1200000, 0x00000000e1100000| Untracked 
|  18|0x00000000e1200000, 0x00000000e1300000, 0x00000000e1300000|100%| O|  |TAMS 0x00000000e1300000, 0x00000000e1200000| Untracked 
|  19|0x00000000e1300000, 0x00000000e1400000, 0x00000000e1400000|100%| O|  |TAMS 0x00000000e1400000, 0x00000000e1300000| Untracked 
|  20|0x00000000e1400000, 0x00000000e1500000, 0x00000000e1500000|100%| O|  |TAMS 0x00000000e1500000, 0x00000000e1400000| Untracked 
|  21|0x00000000e1500000, 0x00000000e1600000, 0x00000000e1600000|100%| O|  |TAMS 0x00000000e1600000, 0x00000000e1500000| Untracked 
|  22|0x00000000e1600000, 0x00000000e1700000, 0x00000000e1700000|100%| O|  |TAMS 0x00000000e1700000, 0x00000000e1600000| Untracked 
|  23|0x00000000e1700000, 0x00000000e1800000, 0x00000000e1800000|100%| O|  |TAMS 0x00000000e1800000, 0x00000000e1700000| Untracked 
|  24|0x00000000e1800000, 0x00000000e1900000, 0x00000000e1900000|100%| O|  |TAMS 0x00000000e1900000, 0x00000000e1800000| Untracked 
|  25|0x00000000e1900000, 0x00000000e1a00000, 0x00000000e1a00000|100%| O|  |TAMS 0x00000000e1a00000, 0x00000000e1900000| Untracked 
|  26|0x00000000e1a00000, 0x00000000e1b00000, 0x00000000e1b00000|100%| O|  |TAMS 0x00000000e1b00000, 0x00000000e1a00000| Untracked 
|  27|0x00000000e1b00000, 0x00000000e1c00000, 0x00000000e1c00000|100%| O|  |TAMS 0x00000000e1c00000, 0x00000000e1b00000| Untracked 
|  28|0x00000000e1c00000, 0x00000000e1d00000, 0x00000000e1d00000|100%| O|  |TAMS 0x00000000e1d00000, 0x00000000e1c00000| Untracked 
|  29|0x00000000e1d00000, 0x00000000e1e00000, 0x00000000e1e00000|100%| O|  |TAMS 0x00000000e1e00000, 0x00000000e1d00000| Untracked 
|  30|0x00000000e1e00000, 0x00000000e1f00000, 0x00000000e1f00000|100%| O|  |TAMS 0x00000000e1f00000, 0x00000000e1e00000| Untracked 
|  31|0x00000000e1f00000, 0x00000000e1f8c800, 0x00000000e2000000| 54%| O|  |TAMS 0x00000000e1f8c800, 0x00000000e1f00000| Untracked 
|  32|0x00000000e2000000, 0x00000000e2000000, 0x00000000e2100000|  0%| F|  |TAMS 0x00000000e2000000, 0x00000000e2000000| Untracked 
|  33|0x00000000e2100000, 0x00000000e2100000, 0x00000000e2200000|  0%| F|  |TAMS 0x00000000e2100000, 0x00000000e2100000| Untracked 
|  34|0x00000000e2200000, 0x00000000e2200000, 0x00000000e2300000|  0%| F|  |TAMS 0x00000000e2200000, 0x00000000e2200000| Untracked 
|  35|0x00000000e2300000, 0x00000000e2300000, 0x00000000e2400000|  0%| F|  |TAMS 0x00000000e2300000, 0x00000000e2300000| Untracked 
|  36|0x00000000e2400000, 0x00000000e2400000, 0x00000000e2500000|  0%| F|  |TAMS 0x00000000e2400000, 0x00000000e2400000| Untracked 
|  37|0x00000000e2500000, 0x00000000e2500000, 0x00000000e2600000|  0%| F|  |TAMS 0x00000000e2500000, 0x00000000e2500000| Untracked 
|  38|0x00000000e2600000, 0x00000000e2600000, 0x00000000e2700000|  0%| F|  |TAMS 0x00000000e2600000, 0x00000000e2600000| Untracked 
|  39|0x00000000e2700000, 0x00000000e2700000, 0x00000000e2800000|  0%| F|  |TAMS 0x00000000e2700000, 0x00000000e2700000| Untracked 
|  40|0x00000000e2800000, 0x00000000e2800000, 0x00000000e2900000|  0%| F|  |TAMS 0x00000000e2800000, 0x00000000e2800000| Untracked 
|  41|0x00000000e2900000, 0x00000000e2900000, 0x00000000e2a00000|  0%| F|  |TAMS 0x00000000e2900000, 0x00000000e2900000| Untracked 
|  42|0x00000000e2a00000, 0x00000000e2a00000, 0x00000000e2b00000|  0%| F|  |TAMS 0x00000000e2a00000, 0x00000000e2a00000| Untracked 
|  43|0x00000000e2b00000, 0x00000000e2b00000, 0x00000000e2c00000|  0%| F|  |TAMS 0x00000000e2b00000, 0x00000000e2b00000| Untracked 
|  44|0x00000000e2c00000, 0x00000000e2c00000, 0x00000000e2d00000|  0%| F|  |TAMS 0x00000000e2c00000, 0x00000000e2c00000| Untracked 
|  45|0x00000000e2d00000, 0x00000000e2d00000, 0x00000000e2e00000|  0%| F|  |TAMS 0x00000000e2d00000, 0x00000000e2d00000| Untracked 
|  46|0x00000000e2e00000, 0x00000000e2e00000, 0x00000000e2f00000|  0%| F|  |TAMS 0x00000000e2e00000, 0x00000000e2e00000| Untracked 
|  47|0x00000000e2f00000, 0x00000000e2f00000, 0x00000000e3000000|  0%| F|  |TAMS 0x00000000e2f00000, 0x00000000e2f00000| Untracked 
|  48|0x00000000e3000000, 0x00000000e3000000, 0x00000000e3100000|  0%| F|  |TAMS 0x00000000e3000000, 0x00000000e3000000| Untracked 
|  49|0x00000000e3100000, 0x00000000e3100000, 0x00000000e3200000|  0%| F|  |TAMS 0x00000000e3100000, 0x00000000e3100000| Untracked 
|  50|0x00000000e3200000, 0x00000000e3200000, 0x00000000e3300000|  0%| F|  |TAMS 0x00000000e3200000, 0x00000000e3200000| Untracked 
|  51|0x00000000e3300000, 0x00000000e3300000, 0x00000000e3400000|  0%| F|  |TAMS 0x00000000e3300000, 0x00000000e3300000| Untracked 
|  52|0x00000000e3400000, 0x00000000e3400000, 0x00000000e3500000|  0%| F|  |TAMS 0x00000000e3400000, 0x00000000e3400000| Untracked 
|  53|0x00000000e3500000, 0x00000000e3500000, 0x00000000e3600000|  0%| F|  |TAMS 0x00000000e3500000, 0x00000000e3500000| Untracked 
|  54|0x00000000e3600000, 0x00000000e3600000, 0x00000000e3700000|  0%| F|  |TAMS 0x00000000e3600000, 0x00000000e3600000| Untracked 
|  55|0x00000000e3700000, 0x00000000e3700000, 0x00000000e3800000|  0%| F|  |TAMS 0x00000000e3700000, 0x00000000e3700000| Untracked 
|  56|0x00000000e3800000, 0x00000000e3800000, 0x00000000e3900000|  0%| F|  |TAMS 0x00000000e3800000, 0x00000000e3800000| Untracked 
|  57|0x00000000e3900000, 0x00000000e3900000, 0x00000000e3a00000|  0%| F|  |TAMS 0x00000000e3900000, 0x00000000e3900000| Untracked 
|  58|0x00000000e3a00000, 0x00000000e3a00000, 0x00000000e3b00000|  0%| F|  |TAMS 0x00000000e3a00000, 0x00000000e3a00000| Untracked 
|  59|0x00000000e3b00000, 0x00000000e3b00000, 0x00000000e3c00000|  0%| F|  |TAMS 0x00000000e3b00000, 0x00000000e3b00000| Untracked 
|  60|0x00000000e3c00000, 0x00000000e3c00000, 0x00000000e3d00000|  0%| F|  |TAMS 0x00000000e3c00000, 0x00000000e3c00000| Untracked 
|  61|0x00000000e3d00000, 0x00000000e3d00000, 0x00000000e3e00000|  0%| F|  |TAMS 0x00000000e3d00000, 0x00000000e3d00000| Untracked 
|  62|0x00000000e3e00000, 0x00000000e3e00000, 0x00000000e3f00000|  0%| F|  |TAMS 0x00000000e3e00000, 0x00000000e3e00000| Untracked 
|  63|0x00000000e3f00000, 0x00000000e3f00000, 0x00000000e4000000|  0%| F|  |TAMS 0x00000000e3f00000, 0x00000000e3f00000| Untracked 
|  64|0x00000000e4000000, 0x00000000e4000000, 0x00000000e4100000|  0%| F|  |TAMS 0x00000000e4000000, 0x00000000e4000000| Untracked 
|  65|0x00000000e4100000, 0x00000000e4100000, 0x00000000e4200000|  0%| F|  |TAMS 0x00000000e4100000, 0x00000000e4100000| Untracked 
|  66|0x00000000e4200000, 0x00000000e4200000, 0x00000000e4300000|  0%| F|  |TAMS 0x00000000e4200000, 0x00000000e4200000| Untracked 
|  67|0x00000000e4300000, 0x00000000e4300000, 0x00000000e4400000|  0%| F|  |TAMS 0x00000000e4300000, 0x00000000e4300000| Untracked 
|  68|0x00000000e4400000, 0x00000000e4400000, 0x00000000e4500000|  0%| F|  |TAMS 0x00000000e4400000, 0x00000000e4400000| Untracked 
|  69|0x00000000e4500000, 0x00000000e4500000, 0x00000000e4600000|  0%| F|  |TAMS 0x00000000e4500000, 0x00000000e4500000| Untracked 
|  70|0x00000000e4600000, 0x00000000e4600000, 0x00000000e4700000|  0%| F|  |TAMS 0x00000000e4600000, 0x00000000e4600000| Untracked 
|  71|0x00000000e4700000, 0x00000000e4700000, 0x00000000e4800000|  0%| F|  |TAMS 0x00000000e4700000, 0x00000000e4700000| Untracked 
|  72|0x00000000e4800000, 0x00000000e4800000, 0x00000000e4900000|  0%| F|  |TAMS 0x00000000e4800000, 0x00000000e4800000| Untracked 
|  73|0x00000000e4900000, 0x00000000e4900000, 0x00000000e4a00000|  0%| F|  |TAMS 0x00000000e4900000, 0x00000000e4900000| Untracked 
|  74|0x00000000e4a00000, 0x00000000e4a00000, 0x00000000e4b00000|  0%| F|  |TAMS 0x00000000e4a00000, 0x00000000e4a00000| Untracked 
|  75|0x00000000e4b00000, 0x00000000e4b00000, 0x00000000e4c00000|  0%| F|  |TAMS 0x00000000e4b00000, 0x00000000e4b00000| Untracked 
|  76|0x00000000e4c00000, 0x00000000e4c00000, 0x00000000e4d00000|  0%| F|  |TAMS 0x00000000e4c00000, 0x00000000e4c00000| Untracked 
|  77|0x00000000e4d00000, 0x00000000e4d00000, 0x00000000e4e00000|  0%| F|  |TAMS 0x00000000e4d00000, 0x00000000e4d00000| Untracked 
|  78|0x00000000e4e00000, 0x00000000e4e00000, 0x00000000e4f00000|  0%| F|  |TAMS 0x00000000e4e00000, 0x00000000e4e00000| Untracked 
|  79|0x00000000e4f00000, 0x00000000e4f00000, 0x00000000e5000000|  0%| F|  |TAMS 0x00000000e4f00000, 0x00000000e4f00000| Untracked 
|  80|0x00000000e5000000, 0x00000000e5000000, 0x00000000e5100000|  0%| F|  |TAMS 0x00000000e5000000, 0x00000000e5000000| Untracked 
|  81|0x00000000e5100000, 0x00000000e5100000, 0x00000000e5200000|  0%| F|  |TAMS 0x00000000e5100000, 0x00000000e5100000| Untracked 
|  82|0x00000000e5200000, 0x00000000e5200000, 0x00000000e5300000|  0%| F|  |TAMS 0x00000000e5200000, 0x00000000e5200000| Untracked 
|  83|0x00000000e5300000, 0x00000000e5300000, 0x00000000e5400000|  0%| F|  |TAMS 0x00000000e5300000, 0x00000000e5300000| Untracked 
|  84|0x00000000e5400000, 0x00000000e5400000, 0x00000000e5500000|  0%| F|  |TAMS 0x00000000e5400000, 0x00000000e5400000| Untracked 
|  85|0x00000000e5500000, 0x00000000e5500000, 0x00000000e5600000|  0%| F|  |TAMS 0x00000000e5500000, 0x00000000e5500000| Untracked 
|  86|0x00000000e5600000, 0x00000000e5600000, 0x00000000e5700000|  0%| F|  |TAMS 0x00000000e5600000, 0x00000000e5600000| Untracked 
|  87|0x00000000e5700000, 0x00000000e5700000, 0x00000000e5800000|  0%| F|  |TAMS 0x00000000e5700000, 0x00000000e5700000| Untracked 
|  88|0x00000000e5800000, 0x00000000e5800000, 0x00000000e5900000|  0%| F|  |TAMS 0x00000000e5800000, 0x00000000e5800000| Untracked 
|  89|0x00000000e5900000, 0x00000000e5900000, 0x00000000e5a00000|  0%| F|  |TAMS 0x00000000e5900000, 0x00000000e5900000| Untracked 
|  90|0x00000000e5a00000, 0x00000000e5a00000, 0x00000000e5b00000|  0%| F|  |TAMS 0x00000000e5a00000, 0x00000000e5a00000| Untracked 
|  91|0x00000000e5b00000, 0x00000000e5b00000, 0x00000000e5c00000|  0%| F|  |TAMS 0x00000000e5b00000, 0x00000000e5b00000| Untracked 
|  92|0x00000000e5c00000, 0x00000000e5c00000, 0x00000000e5d00000|  0%| F|  |TAMS 0x00000000e5c00000, 0x00000000e5c00000| Untracked 
|  93|0x00000000e5d00000, 0x00000000e5dff830, 0x00000000e5e00000| 99%| S|CS|TAMS 0x00000000e5d00000, 0x00000000e5d00000| Complete 
|  94|0x00000000e5e00000, 0x00000000e5f00000, 0x00000000e5f00000|100%| S|CS|TAMS 0x00000000e5e00000, 0x00000000e5e00000| Complete 
|  95|0x00000000e5f00000, 0x00000000e6000000, 0x00000000e6000000|100%| S|CS|TAMS 0x00000000e5f00000, 0x00000000e5f00000| Complete 
|  96|0x00000000e6000000, 0x00000000e6100000, 0x00000000e6100000|100%| S|CS|TAMS 0x00000000e6000000, 0x00000000e6000000| Complete 
|  97|0x00000000e6100000, 0x00000000e6200000, 0x00000000e6200000|100%| S|CS|TAMS 0x00000000e6100000, 0x00000000e6100000| Complete 
|  98|0x00000000e6200000, 0x00000000e6300000, 0x00000000e6300000|100%| S|CS|TAMS 0x00000000e6200000, 0x00000000e6200000| Complete 
|  99|0x00000000e6300000, 0x00000000e6400000, 0x00000000e6400000|100%| S|CS|TAMS 0x00000000e6300000, 0x00000000e6300000| Complete 
| 100|0x00000000e6400000, 0x00000000e6500000, 0x00000000e6500000|100%| S|CS|TAMS 0x00000000e6400000, 0x00000000e6400000| Complete 
| 101|0x00000000e6500000, 0x00000000e6600000, 0x00000000e6600000|100%| S|CS|TAMS 0x00000000e6500000, 0x00000000e6500000| Complete 
| 102|0x00000000e6600000, 0x00000000e6700000, 0x00000000e6700000|100%| S|CS|TAMS 0x00000000e6600000, 0x00000000e6600000| Complete 
| 103|0x00000000e6700000, 0x00000000e6700000, 0x00000000e6800000|  0%| F|  |TAMS 0x00000000e6700000, 0x00000000e6700000| Untracked 
| 104|0x00000000e6800000, 0x00000000e6800000, 0x00000000e6900000|  0%| F|  |TAMS 0x00000000e6800000, 0x00000000e6800000| Untracked 
| 105|0x00000000e6900000, 0x00000000e6900000, 0x00000000e6a00000|  0%| F|  |TAMS 0x00000000e6900000, 0x00000000e6900000| Untracked 
| 106|0x00000000e6a00000, 0x00000000e6a00000, 0x00000000e6b00000|  0%| F|  |TAMS 0x00000000e6a00000, 0x00000000e6a00000| Untracked 
| 107|0x00000000e6b00000, 0x00000000e6b00000, 0x00000000e6c00000|  0%| F|  |TAMS 0x00000000e6b00000, 0x00000000e6b00000| Untracked 
| 108|0x00000000e6c00000, 0x00000000e6c00000, 0x00000000e6d00000|  0%| F|  |TAMS 0x00000000e6c00000, 0x00000000e6c00000| Untracked 
| 109|0x00000000e6d00000, 0x00000000e6d00000, 0x00000000e6e00000|  0%| F|  |TAMS 0x00000000e6d00000, 0x00000000e6d00000| Untracked 
| 110|0x00000000e6e00000, 0x00000000e6e00000, 0x00000000e6f00000|  0%| F|  |TAMS 0x00000000e6e00000, 0x00000000e6e00000| Untracked 
| 111|0x00000000e6f00000, 0x00000000e6f00000, 0x00000000e7000000|  0%| F|  |TAMS 0x00000000e6f00000, 0x00000000e6f00000| Untracked 
| 112|0x00000000e7000000, 0x00000000e7000000, 0x00000000e7100000|  0%| F|  |TAMS 0x00000000e7000000, 0x00000000e7000000| Untracked 
| 113|0x00000000e7100000, 0x00000000e7100000, 0x00000000e7200000|  0%| F|  |TAMS 0x00000000e7100000, 0x00000000e7100000| Untracked 
| 114|0x00000000e7200000, 0x00000000e7200000, 0x00000000e7300000|  0%| F|  |TAMS 0x00000000e7200000, 0x00000000e7200000| Untracked 
| 115|0x00000000e7300000, 0x00000000e7300000, 0x00000000e7400000|  0%| F|  |TAMS 0x00000000e7300000, 0x00000000e7300000| Untracked 
| 116|0x00000000e7400000, 0x00000000e7400000, 0x00000000e7500000|  0%| F|  |TAMS 0x00000000e7400000, 0x00000000e7400000| Untracked 
| 117|0x00000000e7500000, 0x00000000e7500000, 0x00000000e7600000|  0%| F|  |TAMS 0x00000000e7500000, 0x00000000e7500000| Untracked 
| 118|0x00000000e7600000, 0x00000000e7600000, 0x00000000e7700000|  0%| F|  |TAMS 0x00000000e7600000, 0x00000000e7600000| Untracked 
| 119|0x00000000e7700000, 0x00000000e7700000, 0x00000000e7800000|  0%| F|  |TAMS 0x00000000e7700000, 0x00000000e7700000| Untracked 
| 120|0x00000000e7800000, 0x00000000e7800000, 0x00000000e7900000|  0%| F|  |TAMS 0x00000000e7800000, 0x00000000e7800000| Untracked 
| 121|0x00000000e7900000, 0x00000000e7900000, 0x00000000e7a00000|  0%| F|  |TAMS 0x00000000e7900000, 0x00000000e7900000| Untracked 
| 122|0x00000000e7a00000, 0x00000000e7a00000, 0x00000000e7b00000|  0%| F|  |TAMS 0x00000000e7a00000, 0x00000000e7a00000| Untracked 
| 123|0x00000000e7b00000, 0x00000000e7b00000, 0x00000000e7c00000|  0%| F|  |TAMS 0x00000000e7b00000, 0x00000000e7b00000| Untracked 
| 124|0x00000000e7c00000, 0x00000000e7c00000, 0x00000000e7d00000|  0%| F|  |TAMS 0x00000000e7c00000, 0x00000000e7c00000| Untracked 
| 125|0x00000000e7d00000, 0x00000000e7d00000, 0x00000000e7e00000|  0%| F|  |TAMS 0x00000000e7d00000, 0x00000000e7d00000| Untracked 
| 126|0x00000000e7e00000, 0x00000000e7e00000, 0x00000000e7f00000|  0%| F|  |TAMS 0x00000000e7e00000, 0x00000000e7e00000| Untracked 
| 127|0x00000000e7f00000, 0x00000000e7f00000, 0x00000000e8000000|  0%| F|  |TAMS 0x00000000e7f00000, 0x00000000e7f00000| Untracked 
| 128|0x00000000e8000000, 0x00000000e8000000, 0x00000000e8100000|  0%| F|  |TAMS 0x00000000e8000000, 0x00000000e8000000| Untracked 
| 129|0x00000000e8100000, 0x00000000e8100000, 0x00000000e8200000|  0%| F|  |TAMS 0x00000000e8100000, 0x00000000e8100000| Untracked 
| 130|0x00000000e8200000, 0x00000000e8200000, 0x00000000e8300000|  0%| F|  |TAMS 0x00000000e8200000, 0x00000000e8200000| Untracked 
| 131|0x00000000e8300000, 0x00000000e8300000, 0x00000000e8400000|  0%| F|  |TAMS 0x00000000e8300000, 0x00000000e8300000| Untracked 
| 132|0x00000000e8400000, 0x00000000e8400000, 0x00000000e8500000|  0%| F|  |TAMS 0x00000000e8400000, 0x00000000e8400000| Untracked 
| 133|0x00000000e8500000, 0x00000000e8500000, 0x00000000e8600000|  0%| F|  |TAMS 0x00000000e8500000, 0x00000000e8500000| Untracked 
| 134|0x00000000e8600000, 0x00000000e8600000, 0x00000000e8700000|  0%| F|  |TAMS 0x00000000e8600000, 0x00000000e8600000| Untracked 
| 135|0x00000000e8700000, 0x00000000e8700000, 0x00000000e8800000|  0%| F|  |TAMS 0x00000000e8700000, 0x00000000e8700000| Untracked 
| 136|0x00000000e8800000, 0x00000000e8800000, 0x00000000e8900000|  0%| F|  |TAMS 0x00000000e8800000, 0x00000000e8800000| Untracked 
| 137|0x00000000e8900000, 0x00000000e8900000, 0x00000000e8a00000|  0%| F|  |TAMS 0x00000000e8900000, 0x00000000e8900000| Untracked 
| 138|0x00000000e8a00000, 0x00000000e8a00000, 0x00000000e8b00000|  0%| F|  |TAMS 0x00000000e8a00000, 0x00000000e8a00000| Untracked 
| 139|0x00000000e8b00000, 0x00000000e8b00000, 0x00000000e8c00000|  0%| F|  |TAMS 0x00000000e8b00000, 0x00000000e8b00000| Untracked 
| 140|0x00000000e8c00000, 0x00000000e8c00000, 0x00000000e8d00000|  0%| F|  |TAMS 0x00000000e8c00000, 0x00000000e8c00000| Untracked 
| 141|0x00000000e8d00000, 0x00000000e8d00000, 0x00000000e8e00000|  0%| F|  |TAMS 0x00000000e8d00000, 0x00000000e8d00000| Untracked 
| 142|0x00000000e8e00000, 0x00000000e8e00000, 0x00000000e8f00000|  0%| F|  |TAMS 0x00000000e8e00000, 0x00000000e8e00000| Untracked 
| 143|0x00000000e8f00000, 0x00000000e8f00000, 0x00000000e9000000|  0%| F|  |TAMS 0x00000000e8f00000, 0x00000000e8f00000| Untracked 
| 144|0x00000000e9000000, 0x00000000e9000000, 0x00000000e9100000|  0%| F|  |TAMS 0x00000000e9000000, 0x00000000e9000000| Untracked 
| 145|0x00000000e9100000, 0x00000000e9100000, 0x00000000e9200000|  0%| F|  |TAMS 0x00000000e9100000, 0x00000000e9100000| Untracked 
| 146|0x00000000e9200000, 0x00000000e9200000, 0x00000000e9300000|  0%| F|  |TAMS 0x00000000e9200000, 0x00000000e9200000| Untracked 
| 147|0x00000000e9300000, 0x00000000e9300000, 0x00000000e9400000|  0%| F|  |TAMS 0x00000000e9300000, 0x00000000e9300000| Untracked 
| 148|0x00000000e9400000, 0x00000000e9400000, 0x00000000e9500000|  0%| F|  |TAMS 0x00000000e9400000, 0x00000000e9400000| Untracked 
| 149|0x00000000e9500000, 0x00000000e9500000, 0x00000000e9600000|  0%| F|  |TAMS 0x00000000e9500000, 0x00000000e9500000| Untracked 
| 150|0x00000000e9600000, 0x00000000e9600000, 0x00000000e9700000|  0%| F|  |TAMS 0x00000000e9600000, 0x00000000e9600000| Untracked 
| 151|0x00000000e9700000, 0x00000000e9700000, 0x00000000e9800000|  0%| F|  |TAMS 0x00000000e9700000, 0x00000000e9700000| Untracked 
| 152|0x00000000e9800000, 0x00000000e9800000, 0x00000000e9900000|  0%| F|  |TAMS 0x00000000e9800000, 0x00000000e9800000| Untracked 
| 153|0x00000000e9900000, 0x00000000e9900000, 0x00000000e9a00000|  0%| F|  |TAMS 0x00000000e9900000, 0x00000000e9900000| Untracked 
| 154|0x00000000e9a00000, 0x00000000e9a00000, 0x00000000e9b00000|  0%| F|  |TAMS 0x00000000e9a00000, 0x00000000e9a00000| Untracked 
| 155|0x00000000e9b00000, 0x00000000e9b00000, 0x00000000e9c00000|  0%| F|  |TAMS 0x00000000e9b00000, 0x00000000e9b00000| Untracked 
| 156|0x00000000e9c00000, 0x00000000e9c00000, 0x00000000e9d00000|  0%| F|  |TAMS 0x00000000e9c00000, 0x00000000e9c00000| Untracked 
| 157|0x00000000e9d00000, 0x00000000e9d00000, 0x00000000e9e00000|  0%| F|  |TAMS 0x00000000e9d00000, 0x00000000e9d00000| Untracked 
| 158|0x00000000e9e00000, 0x00000000e9e00000, 0x00000000e9f00000|  0%| F|  |TAMS 0x00000000e9e00000, 0x00000000e9e00000| Untracked 
| 159|0x00000000e9f00000, 0x00000000e9f00000, 0x00000000ea000000|  0%| F|  |TAMS 0x00000000e9f00000, 0x00000000e9f00000| Untracked 
| 160|0x00000000ea000000, 0x00000000ea000000, 0x00000000ea100000|  0%| F|  |TAMS 0x00000000ea000000, 0x00000000ea000000| Untracked 
| 161|0x00000000ea100000, 0x00000000ea100000, 0x00000000ea200000|  0%| F|  |TAMS 0x00000000ea100000, 0x00000000ea100000| Untracked 
| 162|0x00000000ea200000, 0x00000000ea200000, 0x00000000ea300000|  0%| F|  |TAMS 0x00000000ea200000, 0x00000000ea200000| Untracked 
| 163|0x00000000ea300000, 0x00000000ea300000, 0x00000000ea400000|  0%| F|  |TAMS 0x00000000ea300000, 0x00000000ea300000| Untracked 
| 164|0x00000000ea400000, 0x00000000ea400000, 0x00000000ea500000|  0%| F|  |TAMS 0x00000000ea400000, 0x00000000ea400000| Untracked 
| 165|0x00000000ea500000, 0x00000000ea500000, 0x00000000ea600000|  0%| F|  |TAMS 0x00000000ea500000, 0x00000000ea500000| Untracked 
| 166|0x00000000ea600000, 0x00000000ea600000, 0x00000000ea700000|  0%| F|  |TAMS 0x00000000ea600000, 0x00000000ea600000| Untracked 
| 167|0x00000000ea700000, 0x00000000ea700000, 0x00000000ea800000|  0%| F|  |TAMS 0x00000000ea700000, 0x00000000ea700000| Untracked 
| 168|0x00000000ea800000, 0x00000000ea800000, 0x00000000ea900000|  0%| F|  |TAMS 0x00000000ea800000, 0x00000000ea800000| Untracked 
| 169|0x00000000ea900000, 0x00000000ea900000, 0x00000000eaa00000|  0%| F|  |TAMS 0x00000000ea900000, 0x00000000ea900000| Untracked 
| 170|0x00000000eaa00000, 0x00000000eaa00000, 0x00000000eab00000|  0%| F|  |TAMS 0x00000000eaa00000, 0x00000000eaa00000| Untracked 
| 171|0x00000000eab00000, 0x00000000eab00000, 0x00000000eac00000|  0%| F|  |TAMS 0x00000000eab00000, 0x00000000eab00000| Untracked 
| 172|0x00000000eac00000, 0x00000000eac00000, 0x00000000ead00000|  0%| F|  |TAMS 0x00000000eac00000, 0x00000000eac00000| Untracked 
| 173|0x00000000ead00000, 0x00000000ead00000, 0x00000000eae00000|  0%| F|  |TAMS 0x00000000ead00000, 0x00000000ead00000| Untracked 
| 174|0x00000000eae00000, 0x00000000eae00000, 0x00000000eaf00000|  0%| F|  |TAMS 0x00000000eae00000, 0x00000000eae00000| Untracked 
| 175|0x00000000eaf00000, 0x00000000eaf00000, 0x00000000eb000000|  0%| F|  |TAMS 0x00000000eaf00000, 0x00000000eaf00000| Untracked 
| 176|0x00000000eb000000, 0x00000000eb000000, 0x00000000eb100000|  0%| F|  |TAMS 0x00000000eb000000, 0x00000000eb000000| Untracked 
| 177|0x00000000eb100000, 0x00000000eb100000, 0x00000000eb200000|  0%| F|  |TAMS 0x00000000eb100000, 0x00000000eb100000| Untracked 
| 178|0x00000000eb200000, 0x00000000eb200000, 0x00000000eb300000|  0%| F|  |TAMS 0x00000000eb200000, 0x00000000eb200000| Untracked 
| 179|0x00000000eb300000, 0x00000000eb300000, 0x00000000eb400000|  0%| F|  |TAMS 0x00000000eb300000, 0x00000000eb300000| Untracked 
| 180|0x00000000eb400000, 0x00000000eb400000, 0x00000000eb500000|  0%| F|  |TAMS 0x00000000eb400000, 0x00000000eb400000| Untracked 
| 181|0x00000000eb500000, 0x00000000eb500000, 0x00000000eb600000|  0%| F|  |TAMS 0x00000000eb500000, 0x00000000eb500000| Untracked 
| 182|0x00000000eb600000, 0x00000000eb600000, 0x00000000eb700000|  0%| F|  |TAMS 0x00000000eb600000, 0x00000000eb600000| Untracked 
| 183|0x00000000eb700000, 0x00000000eb700000, 0x00000000eb800000|  0%| F|  |TAMS 0x00000000eb700000, 0x00000000eb700000| Untracked 
| 184|0x00000000eb800000, 0x00000000eb800000, 0x00000000eb900000|  0%| F|  |TAMS 0x00000000eb800000, 0x00000000eb800000| Untracked 
| 185|0x00000000eb900000, 0x00000000eb900000, 0x00000000eba00000|  0%| F|  |TAMS 0x00000000eb900000, 0x00000000eb900000| Untracked 
| 186|0x00000000eba00000, 0x00000000eba00000, 0x00000000ebb00000|  0%| F|  |TAMS 0x00000000eba00000, 0x00000000eba00000| Untracked 
| 187|0x00000000ebb00000, 0x00000000ebb00000, 0x00000000ebc00000|  0%| F|  |TAMS 0x00000000ebb00000, 0x00000000ebb00000| Untracked 
| 188|0x00000000ebc00000, 0x00000000ebc00000, 0x00000000ebd00000|  0%| F|  |TAMS 0x00000000ebc00000, 0x00000000ebc00000| Untracked 
| 189|0x00000000ebd00000, 0x00000000ebd00000, 0x00000000ebe00000|  0%| F|  |TAMS 0x00000000ebd00000, 0x00000000ebd00000| Untracked 
| 190|0x00000000ebe00000, 0x00000000ebe00000, 0x00000000ebf00000|  0%| F|  |TAMS 0x00000000ebe00000, 0x00000000ebe00000| Untracked 
| 191|0x00000000ebf00000, 0x00000000ebf00000, 0x00000000ec000000|  0%| F|  |TAMS 0x00000000ebf00000, 0x00000000ebf00000| Untracked 
| 192|0x00000000ec000000, 0x00000000ec000000, 0x00000000ec100000|  0%| F|  |TAMS 0x00000000ec000000, 0x00000000ec000000| Untracked 
| 193|0x00000000ec100000, 0x00000000ec100000, 0x00000000ec200000|  0%| F|  |TAMS 0x00000000ec100000, 0x00000000ec100000| Untracked 
| 194|0x00000000ec200000, 0x00000000ec200000, 0x00000000ec300000|  0%| F|  |TAMS 0x00000000ec200000, 0x00000000ec200000| Untracked 
| 195|0x00000000ec300000, 0x00000000ec300000, 0x00000000ec400000|  0%| F|  |TAMS 0x00000000ec300000, 0x00000000ec300000| Untracked 
| 196|0x00000000ec400000, 0x00000000ec400000, 0x00000000ec500000|  0%| F|  |TAMS 0x00000000ec400000, 0x00000000ec400000| Untracked 
| 197|0x00000000ec500000, 0x00000000ec500000, 0x00000000ec600000|  0%| F|  |TAMS 0x00000000ec500000, 0x00000000ec500000| Untracked 
| 198|0x00000000ec600000, 0x00000000ec600000, 0x00000000ec700000|  0%| F|  |TAMS 0x00000000ec600000, 0x00000000ec600000| Untracked 
| 199|0x00000000ec700000, 0x00000000ec700000, 0x00000000ec800000|  0%| F|  |TAMS 0x00000000ec700000, 0x00000000ec700000| Untracked 
| 200|0x00000000ec800000, 0x00000000ec800000, 0x00000000ec900000|  0%| F|  |TAMS 0x00000000ec800000, 0x00000000ec800000| Untracked 
| 201|0x00000000ec900000, 0x00000000ec900000, 0x00000000eca00000|  0%| F|  |TAMS 0x00000000ec900000, 0x00000000ec900000| Untracked 
| 202|0x00000000eca00000, 0x00000000eca00000, 0x00000000ecb00000|  0%| F|  |TAMS 0x00000000eca00000, 0x00000000eca00000| Untracked 
| 203|0x00000000ecb00000, 0x00000000ecb00000, 0x00000000ecc00000|  0%| F|  |TAMS 0x00000000ecb00000, 0x00000000ecb00000| Untracked 
| 204|0x00000000ecc00000, 0x00000000ecc00000, 0x00000000ecd00000|  0%| F|  |TAMS 0x00000000ecc00000, 0x00000000ecc00000| Untracked 
| 205|0x00000000ecd00000, 0x00000000ecd00000, 0x00000000ece00000|  0%| F|  |TAMS 0x00000000ecd00000, 0x00000000ecd00000| Untracked 
| 206|0x00000000ece00000, 0x00000000ece00000, 0x00000000ecf00000|  0%| F|  |TAMS 0x00000000ece00000, 0x00000000ece00000| Untracked 
| 207|0x00000000ecf00000, 0x00000000ecf00000, 0x00000000ed000000|  0%| F|  |TAMS 0x00000000ecf00000, 0x00000000ecf00000| Untracked 
| 208|0x00000000ed000000, 0x00000000ed000000, 0x00000000ed100000|  0%| F|  |TAMS 0x00000000ed000000, 0x00000000ed000000| Untracked 
| 209|0x00000000ed100000, 0x00000000ed100000, 0x00000000ed200000|  0%| F|  |TAMS 0x00000000ed100000, 0x00000000ed100000| Untracked 
| 210|0x00000000ed200000, 0x00000000ed200000, 0x00000000ed300000|  0%| F|  |TAMS 0x00000000ed200000, 0x00000000ed200000| Untracked 
| 211|0x00000000ed300000, 0x00000000ed300000, 0x00000000ed400000|  0%| F|  |TAMS 0x00000000ed300000, 0x00000000ed300000| Untracked 
| 212|0x00000000ed400000, 0x00000000ed400000, 0x00000000ed500000|  0%| F|  |TAMS 0x00000000ed400000, 0x00000000ed400000| Untracked 
| 213|0x00000000ed500000, 0x00000000ed500000, 0x00000000ed600000|  0%| F|  |TAMS 0x00000000ed500000, 0x00000000ed500000| Untracked 
| 214|0x00000000ed600000, 0x00000000ed600000, 0x00000000ed700000|  0%| F|  |TAMS 0x00000000ed600000, 0x00000000ed600000| Untracked 
| 215|0x00000000ed700000, 0x00000000ed700000, 0x00000000ed800000|  0%| F|  |TAMS 0x00000000ed700000, 0x00000000ed700000| Untracked 
| 216|0x00000000ed800000, 0x00000000ed800000, 0x00000000ed900000|  0%| F|  |TAMS 0x00000000ed800000, 0x00000000ed800000| Untracked 
| 217|0x00000000ed900000, 0x00000000ed900000, 0x00000000eda00000|  0%| F|  |TAMS 0x00000000ed900000, 0x00000000ed900000| Untracked 
| 218|0x00000000eda00000, 0x00000000eda00000, 0x00000000edb00000|  0%| F|  |TAMS 0x00000000eda00000, 0x00000000eda00000| Untracked 
| 219|0x00000000edb00000, 0x00000000edb00000, 0x00000000edc00000|  0%| F|  |TAMS 0x00000000edb00000, 0x00000000edb00000| Untracked 
| 220|0x00000000edc00000, 0x00000000edc00000, 0x00000000edd00000|  0%| F|  |TAMS 0x00000000edc00000, 0x00000000edc00000| Untracked 
| 221|0x00000000edd00000, 0x00000000edd00000, 0x00000000ede00000|  0%| F|  |TAMS 0x00000000edd00000, 0x00000000edd00000| Untracked 
| 222|0x00000000ede00000, 0x00000000ede00000, 0x00000000edf00000|  0%| F|  |TAMS 0x00000000ede00000, 0x00000000ede00000| Untracked 
| 223|0x00000000edf00000, 0x00000000edf00000, 0x00000000ee000000|  0%| F|  |TAMS 0x00000000edf00000, 0x00000000edf00000| Untracked 
| 224|0x00000000ee000000, 0x00000000ee000000, 0x00000000ee100000|  0%| F|  |TAMS 0x00000000ee000000, 0x00000000ee000000| Untracked 
| 225|0x00000000ee100000, 0x00000000ee100000, 0x00000000ee200000|  0%| F|  |TAMS 0x00000000ee100000, 0x00000000ee100000| Untracked 
| 226|0x00000000ee200000, 0x00000000ee200000, 0x00000000ee300000|  0%| F|  |TAMS 0x00000000ee200000, 0x00000000ee200000| Untracked 
| 227|0x00000000ee300000, 0x00000000ee300000, 0x00000000ee400000|  0%| F|  |TAMS 0x00000000ee300000, 0x00000000ee300000| Untracked 
| 228|0x00000000ee400000, 0x00000000ee400000, 0x00000000ee500000|  0%| F|  |TAMS 0x00000000ee400000, 0x00000000ee400000| Untracked 
| 229|0x00000000ee500000, 0x00000000ee500000, 0x00000000ee600000|  0%| F|  |TAMS 0x00000000ee500000, 0x00000000ee500000| Untracked 
| 230|0x00000000ee600000, 0x00000000ee600000, 0x00000000ee700000|  0%| F|  |TAMS 0x00000000ee600000, 0x00000000ee600000| Untracked 
| 231|0x00000000ee700000, 0x00000000ee700000, 0x00000000ee800000|  0%| F|  |TAMS 0x00000000ee700000, 0x00000000ee700000| Untracked 
| 232|0x00000000ee800000, 0x00000000ee800000, 0x00000000ee900000|  0%| F|  |TAMS 0x00000000ee800000, 0x00000000ee800000| Untracked 
| 233|0x00000000ee900000, 0x00000000ee900000, 0x00000000eea00000|  0%| F|  |TAMS 0x00000000ee900000, 0x00000000ee900000| Untracked 
| 234|0x00000000eea00000, 0x00000000eea00000, 0x00000000eeb00000|  0%| F|  |TAMS 0x00000000eea00000, 0x00000000eea00000| Untracked 
| 235|0x00000000eeb00000, 0x00000000eeb00000, 0x00000000eec00000|  0%| F|  |TAMS 0x00000000eeb00000, 0x00000000eeb00000| Untracked 
| 236|0x00000000eec00000, 0x00000000eec00000, 0x00000000eed00000|  0%| F|  |TAMS 0x00000000eec00000, 0x00000000eec00000| Untracked 
| 237|0x00000000eed00000, 0x00000000eed00000, 0x00000000eee00000|  0%| F|  |TAMS 0x00000000eed00000, 0x00000000eed00000| Untracked 
| 238|0x00000000eee00000, 0x00000000eee00000, 0x00000000eef00000|  0%| F|  |TAMS 0x00000000eee00000, 0x00000000eee00000| Untracked 
| 239|0x00000000eef00000, 0x00000000eef00000, 0x00000000ef000000|  0%| F|  |TAMS 0x00000000eef00000, 0x00000000eef00000| Untracked 
| 240|0x00000000ef000000, 0x00000000ef000000, 0x00000000ef100000|  0%| F|  |TAMS 0x00000000ef000000, 0x00000000ef000000| Untracked 
| 241|0x00000000ef100000, 0x00000000ef100000, 0x00000000ef200000|  0%| F|  |TAMS 0x00000000ef100000, 0x00000000ef100000| Untracked 
| 242|0x00000000ef200000, 0x00000000ef200000, 0x00000000ef300000|  0%| F|  |TAMS 0x00000000ef200000, 0x00000000ef200000| Untracked 
| 243|0x00000000ef300000, 0x00000000ef300000, 0x00000000ef400000|  0%| F|  |TAMS 0x00000000ef300000, 0x00000000ef300000| Untracked 
| 244|0x00000000ef400000, 0x00000000ef400000, 0x00000000ef500000|  0%| F|  |TAMS 0x00000000ef400000, 0x00000000ef400000| Untracked 
| 245|0x00000000ef500000, 0x00000000ef500000, 0x00000000ef600000|  0%| F|  |TAMS 0x00000000ef500000, 0x00000000ef500000| Untracked 
| 246|0x00000000ef600000, 0x00000000ef600000, 0x00000000ef700000|  0%| F|  |TAMS 0x00000000ef600000, 0x00000000ef600000| Untracked 
| 247|0x00000000ef700000, 0x00000000ef700000, 0x00000000ef800000|  0%| F|  |TAMS 0x00000000ef700000, 0x00000000ef700000| Untracked 
| 248|0x00000000ef800000, 0x00000000ef900000, 0x00000000ef900000|100%| E|  |TAMS 0x00000000ef800000, 0x00000000ef800000| Complete 
| 249|0x00000000ef900000, 0x00000000efa00000, 0x00000000efa00000|100%| E|CS|TAMS 0x00000000ef900000, 0x00000000ef900000| Complete 
| 250|0x00000000efa00000, 0x00000000efb00000, 0x00000000efb00000|100%| E|CS|TAMS 0x00000000efa00000, 0x00000000efa00000| Complete 
| 251|0x00000000efb00000, 0x00000000efc00000, 0x00000000efc00000|100%| E|CS|TAMS 0x00000000efb00000, 0x00000000efb00000| Complete 
| 252|0x00000000efc00000, 0x00000000efd00000, 0x00000000efd00000|100%| E|CS|TAMS 0x00000000efc00000, 0x00000000efc00000| Complete 
| 253|0x00000000efd00000, 0x00000000efe00000, 0x00000000efe00000|100%| E|CS|TAMS 0x00000000efd00000, 0x00000000efd00000| Complete 
| 254|0x00000000efe00000, 0x00000000eff00000, 0x00000000eff00000|100%| E|CS|TAMS 0x00000000efe00000, 0x00000000efe00000| Complete 
| 255|0x00000000eff00000, 0x00000000f0000000, 0x00000000f0000000|100%| E|CS|TAMS 0x00000000eff00000, 0x00000000eff00000| Complete 

Card table byte_map: [0x000001eaadcd0000,0x000001eaaddd0000] _byte_map_base: 0x000001eaad5d0000

Marking Bits (Prev, Next): (CMBitMap*) 0x000001ea94d89fa0, (CMBitMap*) 0x000001ea94d89fe0
 Prev Bits: [0x000001eaaded0000, 0x000001eaae6d0000)
 Next Bits: [0x000001eaae6d0000, 0x000001eaaeed0000)

Polling page: 0x000001ea94f50000

Metaspace:

Usage:
  Non-class:     40.70 MB used.
      Class:      6.82 MB used.
       Both:     47.53 MB used.

Virtual space:
  Non-class space:       64.00 MB reserved,      41.00 MB ( 64%) committed,  1 nodes.
      Class space:      320.00 MB reserved,       7.12 MB (  2%) committed,  1 nodes.
             Both:      384.00 MB reserved,      48.12 MB ( 13%) committed. 

Chunk freelists:
   Non-Class:  6.59 MB
       Class:  8.86 MB
        Both:  15.45 MB

MaxMetaspaceSize: 384.00 MB
CompressedClassSpaceSize: 320.00 MB
Initial GC threshold: 21.00 MB
Current GC threshold: 59.38 MB
CDS: on
MetaspaceReclaimPolicy: balanced
 - commit_granule_bytes: 65536.
 - commit_granule_words: 8192.
 - virtual_space_node_default_size: 8388608.
 - enlarge_chunks_in_place: 1.
 - new_chunks_are_fully_committed: 0.
 - uncommit_free_chunks: 1.
 - use_allocation_guard: 0.
 - handle_deallocations: 1.


Internal statistics:

num_allocs_failed_limit: 9.
num_arena_births: 594.
num_arena_deaths: 0.
num_vsnodes_births: 2.
num_vsnodes_deaths: 0.
num_space_committed: 770.
num_space_uncommitted: 0.
num_chunks_returned_to_freelist: 9.
num_chunks_taken_from_freelist: 2583.
num_chunk_merges: 9.
num_chunk_splits: 1668.
num_chunks_enlarged: 1084.
num_inconsistent_stats: 0.

CodeHeap 'non-profiled nmethods': size=120000Kb used=3021Kb max_used=3235Kb free=116979Kb
 bounds [0x000001eaa5a20000, 0x000001eaa5d50000, 0x000001eaacf50000]
CodeHeap 'profiled nmethods': size=120000Kb used=9878Kb max_used=10281Kb free=110121Kb
 bounds [0x000001ea9df50000, 0x000001ea9e970000, 0x000001eaa5480000]
CodeHeap 'non-nmethods': size=5760Kb used=2325Kb max_used=2380Kb free=3435Kb
 bounds [0x000001eaa5480000, 0x000001eaa56f0000, 0x000001eaa5a20000]
 total_blobs=5842 nmethods=5001 adapters=752
 compilation: enabled
              stopped_count=0, restarted_count=0
 full_count=0

Compilation events (20 events):
Event: 10.271 Thread 0x000001eab1b36470 5786       2       sun.instrument.InstrumentationImpl::transform (73 bytes)
Event: 10.272 Thread 0x000001eab1b36470 nmethod 5786 0x000001ea9e65b590 code [0x000001ea9e65b740, 0x000001ea9e65b908]
Event: 10.276 Thread 0x000001eab1b36470 5787       3       java.lang.reflect.ProxyGenerator$ProxyMethod::codeFieldInitialization (165 bytes)
Event: 10.277 Thread 0x000001eab1b36470 nmethod 5787 0x000001ea9e65a190 code [0x000001ea9e65a440, 0x000001ea9e65b128]
Event: 10.286 Thread 0x000001eab1b36470 5788       3       org.gradle.internal.instantiation.generator.AbstractClassGenerator$PropertyMetadata$$Lambda$119/0x000001eab31acda8::test (12 bytes)
Event: 10.287 Thread 0x000001eab1b36470 nmethod 5788 0x000001ea9e659690 code [0x000001ea9e659880, 0x000001ea9e659ef8]
Event: 10.287 Thread 0x000001eab1b36470 5789       3       org.gradle.internal.instantiation.generator.AbstractClassGenerator$PropertyMetadata::lambda$isReadableWithoutSetterOfPropertyType$0 (14 bytes)
Event: 10.288 Thread 0x000001eab1b36470 nmethod 5789 0x000001ea9e07aa10 code [0x000001ea9e07ac40, 0x000001ea9e07b648]
Event: 10.288 Thread 0x000001eab1b36470 5790       1       org.gradle.model.internal.asm.AsmClassGenerator::getTargetType (5 bytes)
Event: 10.288 Thread 0x000001eab1b36470 nmethod 5790 0x000001eaa5bbf590 code [0x000001eaa5bbf720, 0x000001eaa5bbf7f8]
Event: 10.288 Thread 0x000001eab1b36470 5791       1       org.gradle.internal.instantiation.generator.AsmBackedClassGenerator$ClassBuilderImpl::access$8700 (5 bytes)
Event: 10.288 Thread 0x000001eab1b36470 nmethod 5791 0x000001eaa5bbf290 code [0x000001eaa5bbf420, 0x000001eaa5bbf4d8]
Event: 10.288 Thread 0x000001eab1b36470 5792       1       org.gradle.internal.instantiation.generator.AsmBackedClassGenerator$ClassBuilderImpl::access$8500 (5 bytes)
Event: 10.288 Thread 0x000001eab1b36470 nmethod 5792 0x000001eaa5bbef90 code [0x000001eaa5bbf120, 0x000001eaa5bbf1d8]
Event: 10.288 Thread 0x000001eab1b36470 5793       1       org.gradle.internal.instantiation.generator.AsmBackedClassGenerator$ClassBuilderImpl::access$4400 (5 bytes)
Event: 10.288 Thread 0x000001eab1b36470 nmethod 5793 0x000001eaa5bbec90 code [0x000001eaa5bbee20, 0x000001eaa5bbeed8]
Event: 10.288 Thread 0x000001eab1b36470 5794       1       org.gradle.internal.instantiation.generator.AsmBackedClassGenerator$ClassBuilderImpl::access$4200 (5 bytes)
Event: 10.288 Thread 0x000001eab1b36470 nmethod 5794 0x000001eaa5bbe990 code [0x000001eaa5bbeb20, 0x000001eaa5bbebd8]
Event: 10.288 Thread 0x000001eab1b36470 5795       1       org.gradle.api.internal.tasks.properties.annotations.OutputPropertyRoleAnnotationHandler::getAnnotationTypes (5 bytes)
Event: 10.288 Thread 0x000001eab1b36470 nmethod 5795 0x000001eaa5bbe690 code [0x000001eaa5bbe820, 0x000001eaa5bbe8f8]

GC Heap History (16 events):
Event: 0.698 GC heap before
{Heap before GC invocations=0 (full 0):
 garbage-first heap   total 262144K, used 26624K [0x00000000e0000000, 0x0000000100000000)
  region size 1024K, 23 young (23552K), 0 survivors (0K)
 Metaspace       used 2939K, committed 3072K, reserved 393216K
  class space    used 366K, committed 448K, reserved 327680K
}
Event: 0.703 GC heap after
{Heap after GC invocations=1 (full 0):
 garbage-first heap   total 262144K, used 10998K [0x00000000e0000000, 0x0000000100000000)
  region size 1024K, 3 young (3072K), 3 survivors (3072K)
 Metaspace       used 2939K, committed 3072K, reserved 393216K
  class space    used 366K, committed 448K, reserved 327680K
}
Event: 1.354 GC heap before
{Heap before GC invocations=1 (full 0):
 garbage-first heap   total 262144K, used 38646K [0x00000000e0000000, 0x0000000100000000)
  region size 1024K, 30 young (30720K), 3 survivors (3072K)
 Metaspace       used 4029K, committed 4224K, reserved 393216K
  class space    used 494K, committed 576K, reserved 327680K
}
Event: 1.357 GC heap after
{Heap after GC invocations=2 (full 0):
 garbage-first heap   total 262144K, used 11977K [0x00000000e0000000, 0x0000000100000000)
  region size 1024K, 1 young (1024K), 1 survivors (1024K)
 Metaspace       used 4029K, committed 4224K, reserved 393216K
  class space    used 494K, committed 576K, reserved 327680K
}
Event: 4.281 GC heap before
{Heap before GC invocations=2 (full 0):
 garbage-first heap   total 262144K, used 112329K [0x00000000e0000000, 0x0000000100000000)
  region size 1024K, 98 young (100352K), 1 survivors (1024K)
 Metaspace       used 18784K, committed 19072K, reserved 393216K
  class space    used 2720K, committed 2880K, reserved 327680K
}
Event: 4.289 GC heap after
{Heap after GC invocations=3 (full 0):
 garbage-first heap   total 262144K, used 22054K [0x00000000e0000000, 0x0000000100000000)
  region size 1024K, 11 young (11264K), 11 survivors (11264K)
 Metaspace       used 18784K, committed 19072K, reserved 393216K
  class space    used 2720K, committed 2880K, reserved 327680K
}
Event: 4.769 GC heap before
{Heap before GC invocations=3 (full 0):
 garbage-first heap   total 262144K, used 41510K [0x00000000e0000000, 0x0000000100000000)
  region size 1024K, 31 young (31744K), 11 survivors (11264K)
 Metaspace       used 21219K, committed 21504K, reserved 393216K
  class space    used 3123K, committed 3264K, reserved 327680K
}
Event: 4.774 GC heap after
{Heap after GC invocations=4 (full 0):
 garbage-first heap   total 262144K, used 23431K [0x00000000e0000000, 0x0000000100000000)
  region size 1024K, 12 young (12288K), 12 survivors (12288K)
 Metaspace       used 21219K, committed 21504K, reserved 393216K
  class space    used 3123K, committed 3264K, reserved 327680K
}
Event: 6.745 GC heap before
{Heap before GC invocations=5 (full 0):
 garbage-first heap   total 262144K, used 139143K [0x00000000e0000000, 0x0000000100000000)
  region size 1024K, 122 young (124928K), 12 survivors (12288K)
 Metaspace       used 35570K, committed 35968K, reserved 393216K
  class space    used 4949K, committed 5184K, reserved 327680K
}
Event: 6.755 GC heap after
{Heap after GC invocations=6 (full 0):
 garbage-first heap   total 262144K, used 32826K [0x00000000e0000000, 0x0000000100000000)
  region size 1024K, 11 young (11264K), 11 survivors (11264K)
 Metaspace       used 35570K, committed 35968K, reserved 393216K
  class space    used 4949K, committed 5184K, reserved 327680K
}
Event: 6.773 GC heap before
{Heap before GC invocations=6 (full 0):
 garbage-first heap   total 262144K, used 33850K [0x00000000e0000000, 0x0000000100000000)
  region size 1024K, 12 young (12288K), 11 survivors (11264K)
 Metaspace       used 35714K, committed 36096K, reserved 393216K
  class space    used 4976K, committed 5184K, reserved 327680K
}
Event: 6.777 GC heap after
{Heap after GC invocations=7 (full 0):
 garbage-first heap   total 262144K, used 32998K [0x00000000e0000000, 0x0000000100000000)
  region size 1024K, 2 young (2048K), 2 survivors (2048K)
 Metaspace       used 35714K, committed 36096K, reserved 393216K
  class space    used 4976K, committed 5184K, reserved 327680K
}
Event: 6.797 GC heap before
{Heap before GC invocations=7 (full 0):
 garbage-first heap   total 262144K, used 35046K [0x00000000e0000000, 0x0000000100000000)
  region size 1024K, 5 young (5120K), 2 survivors (2048K)
 Metaspace       used 35885K, committed 36288K, reserved 393216K
  class space    used 5008K, committed 5184K, reserved 327680K
}
Event: 6.798 GC heap after
{Heap after GC invocations=8 (full 0):
 garbage-first heap   total 262144K, used 31723K [0x00000000e0000000, 0x0000000100000000)
  region size 1024K, 1 young (1024K), 1 survivors (1024K)
 Metaspace       used 35885K, committed 36288K, reserved 393216K
  class space    used 5008K, committed 5184K, reserved 327680K
}
Event: 10.160 GC heap before
{Heap before GC invocations=9 (full 0):
 garbage-first heap   total 262144K, used 188395K [0x00000000e0000000, 0x0000000100000000)
  region size 1024K, 153 young (156672K), 1 survivors (1024K)
 Metaspace       used 48350K, committed 48896K, reserved 393216K
  class space    used 6935K, committed 7232K, reserved 327680K
}
Event: 10.168 GC heap after
{Heap after GC invocations=10 (full 0):
 garbage-first heap   total 262144K, used 41520K [0x00000000e0000000, 0x0000000100000000)
  region size 1024K, 10 young (10240K), 10 survivors (10240K)
 Metaspace       used 48350K, committed 48896K, reserved 393216K
  class space    used 6935K, committed 7232K, reserved 327680K
}

Deoptimization events (20 events):
Event: 10.127 Thread 0x000001eaccaad340 Uncommon trap: trap_request=0xffffffde fr.pc=0x000001eaa5a419a0 relative=0x0000000000000ba0
Event: 10.127 Thread 0x000001eaccaad340 Uncommon trap: reason=class_check action=maybe_recompile pc=0x000001eaa5a419a0 method=org.codehaus.groovy.reflection.ParameterTypes.getParametersTypes0()V @ 16 c2
Event: 10.127 Thread 0x000001eaccaad340 DEOPT PACKING pc=0x000001eaa5a419a0 sp=0x000000b6c2cfb7f0
Event: 10.127 Thread 0x000001eaccaad340 DEOPT UNPACKING pc=0x000001eaa54d23a3 sp=0x000000b6c2cfb778 mode 2
Event: 10.127 Thread 0x000001eaccaad340 Uncommon trap: trap_request=0xffffffde fr.pc=0x000001eaa5a419a0 relative=0x0000000000000ba0
Event: 10.127 Thread 0x000001eaccaad340 Uncommon trap: reason=class_check action=maybe_recompile pc=0x000001eaa5a419a0 method=org.codehaus.groovy.reflection.ParameterTypes.getParametersTypes0()V @ 16 c2
Event: 10.127 Thread 0x000001eaccaad340 DEOPT PACKING pc=0x000001eaa5a419a0 sp=0x000000b6c2cfb7f0
Event: 10.127 Thread 0x000001eaccaad340 DEOPT UNPACKING pc=0x000001eaa54d23a3 sp=0x000000b6c2cfb778 mode 2
Event: 10.136 Thread 0x000001eaccaad340 Uncommon trap: trap_request=0xffffff45 fr.pc=0x000001eaa5c629f4 relative=0x0000000000002054
Event: 10.136 Thread 0x000001eaccaad340 Uncommon trap: reason=unstable_if action=reinterpret pc=0x000001eaa5c629f4 method=java.lang.ClassLoader.checkCerts(Ljava/lang/String;Ljava/security/CodeSource;)V @ 30 c2
Event: 10.136 Thread 0x000001eaccaad340 DEOPT PACKING pc=0x000001eaa5c629f4 sp=0x000000b6c2cfb650
Event: 10.136 Thread 0x000001eaccaad340 DEOPT UNPACKING pc=0x000001eaa54d23a3 sp=0x000000b6c2cfb570 mode 2
Event: 10.137 Thread 0x000001eaccaad340 Uncommon trap: trap_request=0xffffff45 fr.pc=0x000001eaa5d30480 relative=0x0000000000005ca0
Event: 10.137 Thread 0x000001eaccaad340 Uncommon trap: reason=unstable_if action=reinterpret pc=0x000001eaa5d30480 method=java.lang.ClassLoader.loadClass(Ljava/lang/String;Z)Ljava/lang/Class; @ 29 c2
Event: 10.137 Thread 0x000001eaccaad340 DEOPT PACKING pc=0x000001eaa5d30480 sp=0x000000b6c2cf7680
Event: 10.137 Thread 0x000001eaccaad340 DEOPT UNPACKING pc=0x000001eaa54d23a3 sp=0x000000b6c2cf76f8 mode 2
Event: 10.257 Thread 0x000001eaccaad340 Uncommon trap: trap_request=0xffffff45 fr.pc=0x000001eaa5d1340c relative=0x000000000000110c
Event: 10.257 Thread 0x000001eaccaad340 Uncommon trap: reason=unstable_if action=reinterpret pc=0x000001eaa5d1340c method=org.objectweb.asm.Frame.execute(IILorg/objectweb/asm/Symbol;Lorg/objectweb/asm/SymbolTable;)V @ 1 c2
Event: 10.257 Thread 0x000001eaccaad340 DEOPT PACKING pc=0x000001eaa5d1340c sp=0x000000b6c2cf9360
Event: 10.257 Thread 0x000001eaccaad340 DEOPT UNPACKING pc=0x000001eaa54d23a3 sp=0x000000b6c2cf9308 mode 2

Classes unloaded (0 events):
No events

Classes redefined (0 events):
No events

Internal exceptions (20 events):
Event: 10.101 Thread 0x000001eaccaad340 Exception <a 'java/lang/ClassNotFoundException'{0x00000000e696b7c8}: org/gradle/util/GradleVersionCustomizer> (0x00000000e696b7c8) 
thrown [s\open\src\hotspot\share\classfile\systemDictionary.cpp, line 256]
Event: 10.109 Thread 0x000001eaccaad340 Exception <a 'java/lang/ClassNotFoundException'{0x00000000e6999f80}: org/gradle/util/internal/DefaultGradleVersionBeanInfo> (0x00000000e6999f80) 
thrown [s\open\src\hotspot\share\classfile\systemDictionary.cpp, line 256]
Event: 10.109 Thread 0x000001eaccaad340 Exception <a 'java/lang/ClassNotFoundException'{0x00000000e69a22b8}: org/gradle/util/internal/DefaultGradleVersionCustomizer> (0x00000000e69a22b8) 
thrown [s\open\src\hotspot\share\classfile\systemDictionary.cpp, line 256]
Event: 10.124 Thread 0x000001eaccaad340 Exception <a 'java/lang/ClassNotFoundException'{0x00000000e6824dd8}: java/util/HashMapBeanInfo> (0x00000000e6824dd8) 
thrown [s\open\src\hotspot\share\classfile\systemDictionary.cpp, line 256]
Event: 10.124 Thread 0x000001eaccaad340 Exception <a 'java/lang/ClassNotFoundException'{0x00000000e68294a8}: java/util/AbstractMapBeanInfo> (0x00000000e68294a8) 
thrown [s\open\src\hotspot\share\classfile\systemDictionary.cpp, line 256]
Event: 10.124 Thread 0x000001eaccaad340 Exception <a 'java/lang/ClassNotFoundException'{0x00000000e682db90}: java/util/AbstractMapCustomizer> (0x00000000e682db90) 
thrown [s\open\src\hotspot\share\classfile\systemDictionary.cpp, line 256]
Event: 10.125 Thread 0x000001eaccaad340 Exception <a 'java/lang/ClassNotFoundException'{0x00000000e683c428}: java/util/HashMapCustomizer> (0x00000000e683c428) 
thrown [s\open\src\hotspot\share\classfile\systemDictionary.cpp, line 256]
Event: 10.133 Thread 0x000001eaccaad340 Exception <a 'java/lang/ClassNotFoundException'{0x00000000e674d900}: java/util/TreeSetBeanInfo> (0x00000000e674d900) 
thrown [s\open\src\hotspot\share\classfile\systemDictionary.cpp, line 256]
Event: 10.133 Thread 0x000001eaccaad340 Exception <a 'java/lang/ClassNotFoundException'{0x00000000e6751fd0}: java/util/AbstractSetBeanInfo> (0x00000000e6751fd0) 
thrown [s\open\src\hotspot\share\classfile\systemDictionary.cpp, line 256]
Event: 10.133 Thread 0x000001eaccaad340 Exception <a 'java/lang/ClassNotFoundException'{0x00000000e67566b8}: java/util/AbstractSetCustomizer> (0x00000000e67566b8) 
thrown [s\open\src\hotspot\share\classfile\systemDictionary.cpp, line 256]
Event: 10.134 Thread 0x000001eaccaad340 Exception <a 'java/lang/ClassNotFoundException'{0x00000000e675f0f0}: java/util/TreeSetCustomizer> (0x00000000e675f0f0) 
thrown [s\open\src\hotspot\share\classfile\systemDictionary.cpp, line 256]
Event: 10.136 Thread 0x000001eaccaad340 Implicit null exception at 0x000001eaa5c60dcd to 0x000001eaa5c6299c
Event: 10.169 Thread 0x000001eaccaad340 Exception <a 'java/lang/ClassNotFoundException'{0x00000000eff1a2c8}: java/util/HashSetBeanInfo> (0x00000000eff1a2c8) 
thrown [s\open\src\hotspot\share\classfile\systemDictionary.cpp, line 256]
Event: 10.170 Thread 0x000001eaccaad340 Exception <a 'java/lang/ClassNotFoundException'{0x00000000eff1e998}: java/util/HashSetCustomizer> (0x00000000eff1e998) 
thrown [s\open\src\hotspot\share\classfile\systemDictionary.cpp, line 256]
Event: 10.175 Thread 0x000001eaccaad340 Exception <a 'java/lang/ClassNotFoundException'{0x00000000efecd9b8}: java/util/LinkedListBeanInfo> (0x00000000efecd9b8) 
thrown [s\open\src\hotspot\share\classfile\systemDictionary.cpp, line 256]
Event: 10.176 Thread 0x000001eaccaad340 Exception <a 'java/lang/ClassNotFoundException'{0x00000000efed2180}: java/util/AbstractSequentialListBeanInfo> (0x00000000efed2180) 
thrown [s\open\src\hotspot\share\classfile\systemDictionary.cpp, line 256]
Event: 10.176 Thread 0x000001eaccaad340 Exception <a 'java/lang/ClassNotFoundException'{0x00000000efed68a0}: java/util/AbstractListBeanInfo> (0x00000000efed68a0) 
thrown [s\open\src\hotspot\share\classfile\systemDictionary.cpp, line 256]
Event: 10.176 Thread 0x000001eaccaad340 Exception <a 'java/lang/ClassNotFoundException'{0x00000000efedafb8}: java/util/AbstractListCustomizer> (0x00000000efedafb8) 
thrown [s\open\src\hotspot\share\classfile\systemDictionary.cpp, line 256]
Event: 10.177 Thread 0x000001eaccaad340 Exception <a 'java/lang/ClassNotFoundException'{0x00000000efeea728}: java/util/AbstractSequentialListCustomizer> (0x00000000efeea728) 
thrown [s\open\src\hotspot\share\classfile\systemDictionary.cpp, line 256]
Event: 10.178 Thread 0x000001eaccaad340 Exception <a 'java/lang/ClassNotFoundException'{0x00000000efef7b98}: java/util/LinkedListCustomizer> (0x00000000efef7b98) 
thrown [s\open\src\hotspot\share\classfile\systemDictionary.cpp, line 256]

VM Operations (20 events):
Event: 7.878 Executing VM operation: HandshakeAllThreads
Event: 7.878 Executing VM operation: HandshakeAllThreads done
Event: 7.954 Executing VM operation: ICBufferFull
Event: 7.955 Executing VM operation: ICBufferFull done
Event: 8.135 Executing VM operation: HandshakeAllThreads
Event: 8.136 Executing VM operation: HandshakeAllThreads done
Event: 8.152 Executing VM operation: HandshakeAllThreads
Event: 8.157 Executing VM operation: HandshakeAllThreads done
Event: 8.174 Executing VM operation: HandshakeAllThreads
Event: 8.174 Executing VM operation: HandshakeAllThreads done
Event: 8.386 Executing VM operation: ICBufferFull
Event: 8.387 Executing VM operation: ICBufferFull done
Event: 9.188 Executing VM operation: ICBufferFull
Event: 9.189 Executing VM operation: ICBufferFull done
Event: 9.857 Executing VM operation: ICBufferFull
Event: 9.857 Executing VM operation: ICBufferFull done
Event: 9.973 Executing VM operation: HandshakeAllThreads
Event: 9.973 Executing VM operation: HandshakeAllThreads done
Event: 10.160 Executing VM operation: G1CollectForAllocation
Event: 10.168 Executing VM operation: G1CollectForAllocation done

Events (20 events):
Event: 10.175 loading class java/util/AbstractSequentialListBeanInfo
Event: 10.175 loading class java/util/AbstractSequentialListBeanInfo done
Event: 10.176 loading class java/util/AbstractSequentialListBeanInfo
Event: 10.176 loading class java/util/AbstractSequentialListBeanInfo done
Event: 10.176 loading class java/util/AbstractListBeanInfo
Event: 10.176 loading class java/util/AbstractListBeanInfo done
Event: 10.176 loading class java/util/AbstractListBeanInfo
Event: 10.176 loading class java/util/AbstractListBeanInfo done
Event: 10.176 loading class java/util/AbstractListCustomizer
Event: 10.176 loading class java/util/AbstractListCustomizer done
Event: 10.176 loading class java/util/AbstractListCustomizer
Event: 10.176 loading class java/util/AbstractListCustomizer done
Event: 10.177 loading class java/util/AbstractSequentialListCustomizer
Event: 10.177 loading class java/util/AbstractSequentialListCustomizer done
Event: 10.177 loading class java/util/AbstractSequentialListCustomizer
Event: 10.177 loading class java/util/AbstractSequentialListCustomizer done
Event: 10.178 loading class java/util/LinkedListCustomizer
Event: 10.178 loading class java/util/LinkedListCustomizer done
Event: 10.178 loading class java/util/LinkedListCustomizer
Event: 10.178 loading class java/util/LinkedListCustomizer done


Dynamic libraries:
0x00007ff67eff0000 - 0x00007ff67f000000 	C:\Program Files\Java\jdk-17\bin\java.exe
0x00007ffb44130000 - 0x00007ffb44346000 	C:\Windows\SYSTEM32\ntdll.dll
0x00007ffb42e50000 - 0x00007ffb42f14000 	C:\Windows\System32\KERNEL32.DLL
0x00007ffb414f0000 - 0x00007ffb41897000 	C:\Windows\System32\KERNELBASE.dll
0x00007ffb3e430000 - 0x00007ffb3e4c7000 	C:\Windows\SYSTEM32\apphelp.dll
0x00007ffb419f0000 - 0x00007ffb41b01000 	C:\Windows\System32\ucrtbase.dll
0x00007ffb32ea0000 - 0x00007ffb32ebb000 	C:\Program Files\Java\jdk-17\bin\VCRUNTIME140.dll
0x00007ffb2e5c0000 - 0x00007ffb2e5d9000 	C:\Program Files\Java\jdk-17\bin\jli.dll
0x00007ffb424e0000 - 0x00007ffb42592000 	C:\Windows\System32\ADVAPI32.dll
0x00007ffb43e80000 - 0x00007ffb43f27000 	C:\Windows\System32\msvcrt.dll
0x00007ffb43b10000 - 0x00007ffb43bb8000 	C:\Windows\System32\sechost.dll
0x00007ffb418a0000 - 0x00007ffb418c8000 	C:\Windows\System32\bcrypt.dll
0x00007ffb425c0000 - 0x00007ffb426d5000 	C:\Windows\System32\RPCRT4.dll
0x00007ffb42980000 - 0x00007ffb42b2e000 	C:\Windows\System32\USER32.dll
0x00007ffb302c0000 - 0x00007ffb30553000 	C:\Windows\WinSxS\amd64_microsoft.windows.common-controls_6595b64144ccf1df_6.0.22621.3235_none_270f74e173860f98\COMCTL32.dll
0x00007ffb414c0000 - 0x00007ffb414e6000 	C:\Windows\System32\win32u.dll
0x00007ffb42850000 - 0x00007ffb42879000 	C:\Windows\System32\GDI32.dll
0x00007ffb41bd0000 - 0x00007ffb41ce9000 	C:\Windows\System32\gdi32full.dll
0x00007ffb41950000 - 0x00007ffb419ea000 	C:\Windows\System32\msvcp_win.dll
0x00007ffb365d0000 - 0x00007ffb365da000 	C:\Windows\SYSTEM32\VERSION.dll
0x00007ffb43fe0000 - 0x00007ffb44011000 	C:\Windows\System32\IMM32.DLL
0x00007ffb39d10000 - 0x00007ffb39d1c000 	C:\Program Files\Java\jdk-17\bin\vcruntime140_1.dll
0x00007ffb197f0000 - 0x00007ffb1987e000 	C:\Program Files\Java\jdk-17\bin\msvcp140.dll
0x00007ffac1b80000 - 0x00007ffac275f000 	C:\Program Files\Java\jdk-17\bin\server\jvm.dll
0x00007ffb42450000 - 0x00007ffb42458000 	C:\Windows\System32\PSAPI.DLL
0x00007ffb3e3d0000 - 0x00007ffb3e3d9000 	C:\Windows\SYSTEM32\WSOCK32.dll
0x00007ffb39f40000 - 0x00007ffb39f74000 	C:\Windows\SYSTEM32\WINMM.dll
0x00007ffb42dd0000 - 0x00007ffb42e41000 	C:\Windows\System32\WS2_32.dll
0x00007ffb40450000 - 0x00007ffb40468000 	C:\Windows\SYSTEM32\kernel.appcore.dll
0x00007ffb39c10000 - 0x00007ffb39c1a000 	C:\Program Files\Java\jdk-17\bin\jimage.dll
0x00007ffb3efc0000 - 0x00007ffb3f1f3000 	C:\Windows\SYSTEM32\DBGHELP.DLL
0x00007ffb42f20000 - 0x00007ffb432a8000 	C:\Windows\System32\combase.dll
0x00007ffb42cf0000 - 0x00007ffb42dc7000 	C:\Windows\System32\OLEAUT32.dll
0x00007ffb265d0000 - 0x00007ffb26602000 	C:\Windows\SYSTEM32\dbgcore.DLL
0x00007ffb418d0000 - 0x00007ffb41949000 	C:\Windows\System32\bcryptPrimitives.dll
0x00007ffb39c80000 - 0x00007ffb39c8e000 	C:\Program Files\Java\jdk-17\bin\instrument.dll
0x00007ffb2e590000 - 0x00007ffb2e5b5000 	C:\Program Files\Java\jdk-17\bin\java.dll
0x00007ffb02070000 - 0x00007ffb02147000 	C:\Program Files\Java\jdk-17\bin\jsvml.dll
0x00007ffb432b0000 - 0x00007ffb43b0c000 	C:\Windows\System32\SHELL32.dll
0x00007ffb3f360000 - 0x00007ffb3fc59000 	C:\Windows\SYSTEM32\windows.storage.dll
0x00007ffb3f220000 - 0x00007ffb3f35e000 	C:\Windows\SYSTEM32\wintypes.dll
0x00007ffb42880000 - 0x00007ffb42973000 	C:\Windows\System32\SHCORE.dll
0x00007ffb42370000 - 0x00007ffb423ce000 	C:\Windows\System32\shlwapi.dll
0x00007ffb41380000 - 0x00007ffb413a1000 	C:\Windows\SYSTEM32\profapi.dll
0x00007ffb2e2d0000 - 0x00007ffb2e2e8000 	C:\Program Files\Java\jdk-17\bin\zip.dll
0x00007ffb2e310000 - 0x00007ffb2e329000 	C:\Program Files\Java\jdk-17\bin\net.dll
0x00007ffb3a630000 - 0x00007ffb3a766000 	C:\Windows\SYSTEM32\WINHTTP.dll
0x00007ffb408b0000 - 0x00007ffb40919000 	C:\Windows\system32\mswsock.dll
0x00007ffb2e2f0000 - 0x00007ffb2e306000 	C:\Program Files\Java\jdk-17\bin\nio.dll
0x00007ffb2be30000 - 0x00007ffb2be40000 	C:\Program Files\Java\jdk-17\bin\verify.dll
0x00007ffb1c450000 - 0x00007ffb1c477000 	C:\Users\jswto\.gradle\native\c067742578af261105cb4f569cf0c3c89f3d7b1fecec35dd04571415982c5e48\windows-amd64\native-platform.dll
0x00007ffb2a410000 - 0x00007ffb2a554000 	C:\Users\jswto\.gradle\native\38dada09dfb8b06ba9b0570ebf7e218e3eb74d4ef43ca46872605cf95ebc2f47\windows-amd64\native-platform-file-events.dll
0x00007ffb32d00000 - 0x00007ffb32d0a000 	C:\Program Files\Java\jdk-17\bin\management.dll
0x00007ffb2ec70000 - 0x00007ffb2ec7b000 	C:\Program Files\Java\jdk-17\bin\management_ext.dll
0x00007ffb40c00000 - 0x00007ffb40c1b000 	C:\Windows\SYSTEM32\CRYPTSP.dll
0x00007ffb403b0000 - 0x00007ffb403e5000 	C:\Windows\system32\rsaenh.dll
0x00007ffb40950000 - 0x00007ffb40978000 	C:\Windows\SYSTEM32\USERENV.dll
0x00007ffb40be0000 - 0x00007ffb40bec000 	C:\Windows\SYSTEM32\CRYPTBASE.dll
0x00007ffb3fec0000 - 0x00007ffb3feed000 	C:\Windows\SYSTEM32\IPHLPAPI.DLL
0x00007ffb42b30000 - 0x00007ffb42b39000 	C:\Windows\System32\NSI.dll
0x00007ffb3a5d0000 - 0x00007ffb3a5e9000 	C:\Windows\SYSTEM32\dhcpcsvc6.DLL
0x00007ffb3a5a0000 - 0x00007ffb3a5bf000 	C:\Windows\SYSTEM32\dhcpcsvc.DLL
0x00007ffb3ff30000 - 0x00007ffb40029000 	C:\Windows\SYSTEM32\DNSAPI.dll
0x00007ffb2e2c0000 - 0x00007ffb2e2ce000 	C:\Program Files\Java\jdk-17\bin\sunmscapi.dll
0x00007ffb41cf0000 - 0x00007ffb41e57000 	C:\Windows\System32\CRYPT32.dll
0x00007ffb40d20000 - 0x00007ffb40d4e000 	C:\Windows\SYSTEM32\ncrypt.dll
0x00007ffb40ce0000 - 0x00007ffb40d17000 	C:\Windows\SYSTEM32\NTASN1.dll
0x00007ffb1f010000 - 0x00007ffb1f018000 	C:\Windows\system32\wshunix.dll

dbghelp: loaded successfully - version: 4.0.5 - missing functions: none
symbol engine: initialized successfully - sym options: 0x614 - pdb path: .;C:\Program Files\Java\jdk-17\bin;C:\Windows\SYSTEM32;C:\Windows\WinSxS\amd64_microsoft.windows.common-controls_6595b64144ccf1df_6.0.22621.3235_none_270f74e173860f98;C:\Program Files\Java\jdk-17\bin\server;C:\Users\jswto\.gradle\native\c067742578af261105cb4f569cf0c3c89f3d7b1fecec35dd04571415982c5e48\windows-amd64;C:\Users\jswto\.gradle\native\38dada09dfb8b06ba9b0570ebf7e218e3eb74d4ef43ca46872605cf95ebc2f47\windows-amd64

VM Arguments:
jvm_args: --add-opens=java.base/java.util=ALL-UNNAMED --add-opens=java.base/java.lang=ALL-UNNAMED --add-opens=java.base/java.lang.invoke=ALL-UNNAMED --add-opens=java.prefs/java.util.prefs=ALL-UNNAMED --add-opens=java.base/java.nio.charset=ALL-UNNAMED --add-opens=java.base/java.net=ALL-UNNAMED --add-opens=java.base/java.util.concurrent.atomic=ALL-UNNAMED -XX:MaxMetaspaceSize=384m -XX:+HeapDumpOnOutOfMemoryError -Xms256m -Xmx512m -Dfile.encoding=utf8 -Duser.country=KR -Duser.language=ko -Duser.variant -javaagent:C:\Users\jswto\.gradle\wrapper\dists\gradle-8.7-bin\bhs2wmbdwecv87pi65oeuq5iu\gradle-8.7\lib\agents\gradle-instrumentation-agent-8.7.jar 
java_command: org.gradle.launcher.daemon.bootstrap.GradleDaemon 8.7
java_class_path (initial): C:\Users\jswto\.gradle\wrapper\dists\gradle-8.7-bin\bhs2wmbdwecv87pi65oeuq5iu\gradle-8.7\lib\gradle-launcher-8.7.jar
Launcher Type: SUN_STANDARD

[Global flags]
     intx CICompilerCount                          = 4                                         {product} {ergonomic}
   size_t CompressedClassSpaceSize                 = 335544320                                 {product} {ergonomic}
     uint ConcGCThreads                            = 3                                         {product} {ergonomic}
     uint G1ConcRefinementThreads                  = 10                                        {product} {ergonomic}
   size_t G1HeapRegionSize                         = 1048576                                   {product} {ergonomic}
    uintx GCDrainStackTargetSize                   = 64                                        {product} {ergonomic}
     bool HeapDumpOnOutOfMemoryError               = true                                   {manageable} {command line}
   size_t InitialHeapSize                          = 268435456                                 {product} {command line}
   size_t MarkStackSize                            = 4194304                                   {product} {ergonomic}
   size_t MaxHeapSize                              = 536870912                                 {product} {command line}
   size_t MaxMetaspaceSize                         = 402653184                                 {product} {command line}
   size_t MaxNewSize                               = 321912832                                 {product} {ergonomic}
   size_t MinHeapDeltaBytes                        = 1048576                                   {product} {ergonomic}
   size_t MinHeapSize                              = 268435456                                 {product} {command line}
    uintx NonNMethodCodeHeapSize                   = 5839372                                {pd product} {ergonomic}
    uintx NonProfiledCodeHeapSize                  = 122909434                              {pd product} {ergonomic}
    uintx ProfiledCodeHeapSize                     = 122909434                              {pd product} {ergonomic}
    uintx ReservedCodeCacheSize                    = 251658240                              {pd product} {ergonomic}
     bool SegmentedCodeCache                       = true                                      {product} {ergonomic}
   size_t SoftMaxHeapSize                          = 536870912                              {manageable} {ergonomic}
     bool UseCompressedClassPointers               = true                           {product lp64_product} {ergonomic}
     bool UseCompressedOops                        = true                           {product lp64_product} {ergonomic}
     bool UseG1GC                                  = true                                      {product} {ergonomic}
     bool UseLargePagesIndividualAllocation        = false                                  {pd product} {ergonomic}

Logging:
Log output configuration:
 #0: stdout all=warning uptime,level,tags
 #1: stderr all=off uptime,level,tags

Environment Variables:
JAVA_HOME=C:\Program Files\Java\jdk-17
PATH=C:\Program Files\Common Files\Oracle\Java\javapath;C:\Windows\system32;C:\Windows;C:\Windows\System32\Wbem;C:\Windows\System32\WindowsPowerShell\v1.0\;C:\Windows\System32\OpenSSH\;C:\Program Files\dotnet\;C:\Program Files\Bandizip\;C:\Program Files\Streamlink\bin;C:\Program Files\Docker\Docker\resources\bin;C:\Program Files\Java\jdk-17\bin\;C:\Program Files\nodejs\;C:\Program Files\Amazon\AWSCLIV2\;C:\Program Files\Git\cmd;C:\Program Files\PuTTY\;C:\Program Files\MySQL\MySQL Shell 8.0\bin\;C:\Users\jswto\AppData\Local\Programs\Python\Python311\Scripts\;C:\Users\jswto\AppData\Local\Programs\Python\Python311\;C:\Users\jswto\AppData\Local\Microsoft\WindowsApps;C:\Users\jswto\AppData\Local\Programs\Microsoft VS Code\bin;C:\Users\jswto\AppData\Roaming\npm
USERNAME=jswto
OS=Windows_NT
PROCESSOR_IDENTIFIER=AMD64 Family 25 Model 80 Stepping 0, AuthenticAMD



---------------  S Y S T E M  ---------------

OS:
 Windows 11 , 64 bit Build 22621 (10.0.22621.3374)
OS uptime: 21 days 18:37 hours
Hyper-V role detected

CPU: total 12 (initial active 12) (12 cores per cpu, 2 threads per core) family 25 model 80 stepping 0 microcode 0x0, cx8, cmov, fxsr, ht, mmx, 3dnowpref, sse, sse2, sse3, ssse3, sse4a, sse4.1, sse4.2, popcnt, lzcnt, tsc, tscinvbit, avx, avx2, aes, erms, clmul, bmi1, bmi2, adx, sha, fma, vzeroupper, clflush, clflushopt, hv

Memory: 4k page, system-wide physical 14158M (600M free)
TotalPageFile size 44586M (AvailPageFile size 152M)
current process WorkingSet (physical memory assigned to process): 375M, peak: 386M
current process commit charge ("private bytes"): 480M, peak: 491M

vm_info: Java HotSpot(TM) 64-Bit Server VM (17.0.10+11-LTS-240) for windows-amd64 JRE (17.0.10+11-LTS-240), built on Dec 19 2023 21:47:25 by "mach5one" with MS VC++ 17.1 (VS2022)

END.
