#
# There is insufficient memory for the Java Runtime Environment to continue.
# Native memory allocation (malloc) failed to allocate 65552 bytes for Chunk::new
# Possible reasons:
#   The system is out of physical RAM or swap space
#   The process is running with CompressedOops enabled, and the Java Heap may be blocking the growth of the native heap
# Possible solutions:
#   Reduce memory load on the system
#   Increase physical memory or swap space
#   Check if swap backing store is full
#   Decrease Java heap size (-Xmx/-Xms)
#   Decrease number of Java threads
#   Decrease Java thread stack sizes (-Xss)
#   Set larger code cache with -XX:ReservedCodeCacheSize=
#   JVM is running with Unscaled Compressed Oops mode in which the Java heap is
#     placed in the first 4GB address space. The Java Heap base address is the
#     maximum limit for the native heap growth. Please use -XX:HeapBaseMinAddress
#     to set the Java Heap base and to place the Java Heap above 4GB virtual address.
# This output file may be truncated or incomplete.
#
#  Out of Memory Error (arena.cpp:191), pid=25244, tid=42012
#
# JRE version: OpenJDK Runtime Environment Temurin-17.0.10+7 (17.0.10+7) (build 17.0.10+7)
# Java VM: OpenJDK 64-Bit Server VM Temurin-17.0.10+7 (17.0.10+7, mixed mode, tiered, compressed oops, compressed class ptrs, parallel gc, windows-amd64)
# No core dump will be written. Minidumps are not enabled by default on client versions of Windows
#

---------------  S U M M A R Y ------------

Command Line: --add-modules=ALL-SYSTEM --add-opens=java.base/java.util=ALL-UNNAMED --add-opens=java.base/java.lang=ALL-UNNAMED --add-opens=java.base/sun.nio.fs=ALL-UNNAMED -Declipse.application=org.eclipse.jdt.ls.core.id1 -Dosgi.bundles.defaultStartLevel=4 -Declipse.product=org.eclipse.jdt.ls.core.product -Djava.import.generatesMetadataFilesAtProjectRoot=false -DDetectVMInstallationsJob.disabled=true -Dfile.encoding=utf8 -XX:+UseParallelGC -XX:GCTimeRatio=4 -XX:AdaptiveSizePolicyWeight=90 -Dsun.zip.disableMemoryMapping=true -Xmx1G -Xms100m -Xlog:disable -javaagent:c:\Users\jswto\.vscode\extensions\redhat.java-1.30.0-win32-x64\lombok\lombok-1.18.32.jar c:\Users\jswto\.vscode\extensions\redhat.java-1.30.0-win32-x64\server\plugins\org.eclipse.equinox.launcher_1.6.800.v20240330-1250.jar -configuration c:\Users\jswto\AppData\Roaming\Code\User\globalStorage\redhat.java\1.30.0\config_ss_win -data c:\Users\jswto\AppData\Roaming\Code\User\workspaceStorage\5ea2ce5e52572e56690b43429b6dcc16\redhat.java\ss_ws --pipe=\\.\pipe\lsp-ab1b29e881cc79752e6c9db767f5628f-sock

Host: AMD Ryzen 5 5625U with Radeon Graphics         , 12 cores, 13G,  Windows 11 , 64 bit Build 22621 (10.0.22621.3374)
Time: Wed May  8 04:19:23 2024  Windows 11 , 64 bit Build 22621 (10.0.22621.3374) elapsed time: 0.849088 seconds (0d 0h 0m 0s)

---------------  T H R E A D  ---------------

Current thread (0x000001a5c8b7ba90):  JavaThread "C2 CompilerThread0" daemon [_thread_in_native, id=42012, stack(0x0000005c1b800000,0x0000005c1b900000)]


Current CompileTask:
C2:    849  593       4       lombok.patcher.PatchScript::classMatches (41 bytes)

Stack: [0x0000005c1b800000,0x0000005c1b900000]
Native frames: (J=compiled Java code, j=interpreted, Vv=VM code, C=native code)
V  [jvm.dll+0x67d2c9]
V  [jvm.dll+0x834afa]
V  [jvm.dll+0x8365be]
V  [jvm.dll+0x836c23]
V  [jvm.dll+0x2477ff]
V  [jvm.dll+0xac514]
V  [jvm.dll+0xacb5c]
V  [jvm.dll+0xac61b]
V  [jvm.dll+0x65ab1c]
V  [jvm.dll+0x608e87]
V  [jvm.dll+0x60e6bb]
V  [jvm.dll+0x60f492]
V  [jvm.dll+0x60d9e4]
V  [jvm.dll+0x219d68]
V  [jvm.dll+0x219311]
V  [jvm.dll+0x1a502d]
V  [jvm.dll+0x2290de]
V  [jvm.dll+0x2272ac]
V  [jvm.dll+0x7e9bb7]
V  [jvm.dll+0x7e3fba]
V  [jvm.dll+0x67c1b5]
C  [ucrtbase.dll+0x29333]
C  [KERNEL32.DLL+0x1257d]
C  [ntdll.dll+0x5aa48]


---------------  P R O C E S S  ---------------

Threads class SMR info:
_java_thread_list=0x000001a5c8e83df0, length=13, elements={
0x000001a5afbb6da0, 0x000001a5c8b37020, 0x000001a5c8b3a370, 0x000001a5c3a2afa0,
0x000001a5c3a2bd30, 0x000001a5c3a2e9d0, 0x000001a5c8b766c0, 0x000001a5c8b7ba90,
0x000001a5c8bce6e0, 0x000001a5c8bfb070, 0x000001a5c8c28150, 0x000001a5c8e88870,
0x000001a5ca1c88a0
}

Java Threads: ( => current thread )
  0x000001a5afbb6da0 JavaThread "main" [_thread_in_native, id=37356, stack(0x0000005c1af00000,0x0000005c1b000000)]
  0x000001a5c8b37020 JavaThread "Reference Handler" daemon [_thread_blocked, id=40688, stack(0x0000005c1b200000,0x0000005c1b300000)]
  0x000001a5c8b3a370 JavaThread "Finalizer" daemon [_thread_blocked, id=43640, stack(0x0000005c1b300000,0x0000005c1b400000)]
  0x000001a5c3a2afa0 JavaThread "Signal Dispatcher" daemon [_thread_blocked, id=41644, stack(0x0000005c1b400000,0x0000005c1b500000)]
  0x000001a5c3a2bd30 JavaThread "Attach Listener" daemon [_thread_blocked, id=41260, stack(0x0000005c1b500000,0x0000005c1b600000)]
  0x000001a5c3a2e9d0 JavaThread "Service Thread" daemon [_thread_blocked, id=30848, stack(0x0000005c1b600000,0x0000005c1b700000)]
  0x000001a5c8b766c0 JavaThread "Monitor Deflation Thread" daemon [_thread_blocked, id=41976, stack(0x0000005c1b700000,0x0000005c1b800000)]
=>0x000001a5c8b7ba90 JavaThread "C2 CompilerThread0" daemon [_thread_in_native, id=42012, stack(0x0000005c1b800000,0x0000005c1b900000)]
  0x000001a5c8bce6e0 JavaThread "C1 CompilerThread0" daemon [_thread_in_vm, id=16964, stack(0x0000005c1b900000,0x0000005c1ba00000)]
  0x000001a5c8bfb070 JavaThread "Sweeper thread" daemon [_thread_blocked, id=11100, stack(0x0000005c1ba00000,0x0000005c1bb00000)]
  0x000001a5c8c28150 JavaThread "Common-Cleaner" daemon [_thread_blocked, id=2900, stack(0x0000005c1bb00000,0x0000005c1bc00000)]
  0x000001a5c8e88870 JavaThread "Notification Thread" daemon [_thread_blocked, id=28560, stack(0x0000005c1bc00000,0x0000005c1bd00000)]
  0x000001a5ca1c88a0 JavaThread "C2 CompilerThread1" daemon [_thread_in_native, id=40592, stack(0x0000005c1be00000,0x0000005c1bf00000)]

Other Threads:
  0x000001a5afc4e8a0 VMThread "VM Thread" [stack: 0x0000005c1b100000,0x0000005c1b200000] [id=26736]
  0x000001a5c8e88fa0 WatcherThread [stack: 0x0000005c1bd00000,0x0000005c1be00000] [id=25524]
  0x000001a5afbca6d0 GCTaskThread "GC Thread#0" [stack: 0x0000005c1b000000,0x0000005c1b100000] [id=38420]

Threads with active compile tasks:
C2 CompilerThread0      872  593       4       lombok.patcher.PatchScript::classMatches (41 bytes)
C1 CompilerThread0      872  643       3       java.io.WinNTFileSystem::normalize (143 bytes)
C2 CompilerThread1      872  592       4       lombok.patcher.scripts.MethodLevelPatchScript::patch (21 bytes)

VM state: not at safepoint (normal execution)

VM Mutex/Monitor currently owned by a thread: None

Heap address: 0x00000000c0000000, size: 1024 MB, Compressed Oops mode: 32-bit

CDS archive(s) not mapped
Compressed class space mapped at: 0x0000000100000000-0x0000000140000000, reserved size: 1073741824
Narrow klass base: 0x0000000000000000, Narrow klass shift: 3, Narrow klass range: 0x140000000

GC Precious Log:
 CPUs: 12 total, 12 available
 Memory: 14158M
 Large Page Support: Disabled
 NUMA Support: Disabled
 Compressed Oops: Enabled (32-bit)
 Alignments: Space 512K, Generation 512K, Heap 2M
 Heap Min Capacity: 100M
 Heap Initial Capacity: 100M
 Heap Max Capacity: 1G
 Pre-touch: Disabled
 Parallel Workers: 10

Heap:
 PSYoungGen      total 29696K, used 14777K [0x00000000eab00000, 0x00000000ecc00000, 0x0000000100000000)
  eden space 25600K, 57% used [0x00000000eab00000,0x00000000eb96e468,0x00000000ec400000)
  from space 4096K, 0% used [0x00000000ec800000,0x00000000ec800000,0x00000000ecc00000)
  to   space 4096K, 0% used [0x00000000ec400000,0x00000000ec400000,0x00000000ec800000)
 ParOldGen       total 68608K, used 0K [0x00000000c0000000, 0x00000000c4300000, 0x00000000eab00000)
  object space 68608K, 0% used [0x00000000c0000000,0x00000000c0000000,0x00000000c4300000)
 Metaspace       used 9174K, committed 9280K, reserved 1114112K
  class space    used 907K, committed 960K, reserved 1048576K

Card table byte_map: [0x000001a5af530000,0x000001a5af740000] _byte_map_base: 0x000001a5aef30000

Marking Bits: (ParMarkBitMap*) 0x00007ffac8ced7d0
 Begin Bits: [0x000001a5c1830000, 0x000001a5c2830000)
 End Bits:   [0x000001a5c2830000, 0x000001a5c3830000)

Polling page: 0x000001a5ad9d0000

Metaspace:

Usage:
  Non-class:      8.07 MB used.
      Class:    907.23 KB used.
       Both:      8.96 MB used.

Virtual space:
  Non-class space:       64.00 MB reserved,       8.12 MB ( 13%) committed,  1 nodes.
      Class space:        1.00 GB reserved,     960.00 KB ( <1%) committed,  1 nodes.
             Both:        1.06 GB reserved,       9.06 MB ( <1%) committed. 

Chunk freelists:
   Non-Class:  6.94 MB
       Class:  15.08 MB
        Both:  22.02 MB

MaxMetaspaceSize: unlimited
CompressedClassSpaceSize: 1.00 GB
Initial GC threshold: 21.00 MB
Current GC threshold: 21.00 MB
CDS: off
MetaspaceReclaimPolicy: balanced
 - commit_granule_bytes: 65536.
 - commit_granule_words: 8192.
 - virtual_space_node_default_size: 8388608.
 - enlarge_chunks_in_place: 1.
 - new_chunks_are_fully_committed: 0.
 - uncommit_free_chunks: 1.
 - use_allocation_guard: 0.
 - handle_deallocations: 1.


Internal statistics:

num_allocs_failed_limit: 0.
num_arena_births: 10.
num_arena_deaths: 0.
num_vsnodes_births: 2.
num_vsnodes_deaths: 0.
num_space_committed: 145.
num_space_uncommitted: 0.
num_chunks_returned_to_freelist: 0.
num_chunks_taken_from_freelist: 45.
num_chunk_merges: 0.
num_chunk_splits: 26.
num_chunks_enlarged: 25.
num_inconsistent_stats: 0.

CodeHeap 'non-profiled nmethods': size=120000Kb used=223Kb max_used=223Kb free=119777Kb
 bounds [0x000001a5ba300000, 0x000001a5ba570000, 0x000001a5c1830000]
CodeHeap 'profiled nmethods': size=120000Kb used=993Kb max_used=993Kb free=119006Kb
 bounds [0x000001a5b2830000, 0x000001a5b2aa0000, 0x000001a5b9d60000]
CodeHeap 'non-nmethods': size=5760Kb used=1137Kb max_used=1156Kb free=4622Kb
 bounds [0x000001a5b9d60000, 0x000001a5b9fd0000, 0x000001a5ba300000]
 total_blobs=1059 nmethods=633 adapters=341
 compilation: enabled
              stopped_count=0, restarted_count=0
 full_count=0

Compilation events (20 events):
Event: 0.823 Thread 0x000001a5c8bce6e0 nmethod 597 0x000001a5b2903a90 code [0x000001a5b2903c80, 0x000001a5b2904328]
Event: 0.823 Thread 0x000001a5c8bce6e0  598       3       java.lang.String::valueOf (15 bytes)
Event: 0.823 Thread 0x000001a5c8bce6e0 nmethod 598 0x000001a5b2904510 code [0x000001a5b29046c0, 0x000001a5b29048c8]
Event: 0.823 Thread 0x000001a5c8bce6e0  599       3       java.security.Provider$ServiceKey::<init> (39 bytes)
Event: 0.824 Thread 0x000001a5c8bce6e0 nmethod 599 0x000001a5b2904990 code [0x000001a5b2904b80, 0x000001a5b2904fc8]
Event: 0.824 Thread 0x000001a5c8bce6e0  600       1       java.security.Provider$UString::toString (5 bytes)
Event: 0.824 Thread 0x000001a5c8bce6e0 nmethod 600 0x000001a5ba336190 code [0x000001a5ba336320, 0x000001a5ba3363f8]
Event: 0.824 Thread 0x000001a5c8bce6e0  601       1       java.security.Provider$Service::getProvider (5 bytes)
Event: 0.824 Thread 0x000001a5c8bce6e0 nmethod 601 0x000001a5ba336490 code [0x000001a5ba336620, 0x000001a5ba3366f8]
Event: 0.828 Thread 0x000001a5c8bce6e0  602       3       sun.security.provider.SHA2::implCompress0 (490 bytes)
Event: 0.828 Thread 0x000001a5c8bce6e0 nmethod 602 0x000001a5b2905190 code [0x000001a5b2905380, 0x000001a5b2905be8]
Event: 0.831 Thread 0x000001a5c8bce6e0  603       3       sun.security.provider.ByteArrayAccess::b2iBig64 (231 bytes)
Event: 0.839 Thread 0x000001a5c8bce6e0 nmethod 603 0x000001a5b2906090 code [0x000001a5b2906b60, 0x000001a5b290cf38]
Event: 0.839 Thread 0x000001a5c8bce6e0  604       3       sun.security.provider.SHA2::implCompress (13 bytes)
Event: 0.840 Thread 0x000001a5c8bce6e0 nmethod 604 0x000001a5b290ec90 code [0x000001a5b290ee80, 0x000001a5b290f2c8]
Event: 0.840 Thread 0x000001a5c8bce6e0  605       3       sun.security.provider.SHA2::implCompressCheck (27 bytes)
Event: 0.840 Thread 0x000001a5c8bce6e0 nmethod 605 0x000001a5b290f490 code [0x000001a5b290f660, 0x000001a5b290fa18]
Event: 0.844 Thread 0x000001a5c8bce6e0  610       3       java.lang.ClassLoader::findLoadedClass (15 bytes)
Event: 0.845 Thread 0x000001a5c8bce6e0 nmethod 610 0x000001a5b290fb90 code [0x000001a5b290fd40, 0x000001a5b290ff38]
Event: 0.847 Thread 0x000001a5c8bce6e0  612       1       java.lang.Module::getDescriptor (5 bytes)

GC Heap History (0 events):
No events

Dll operation events (8 events):
Event: 0.020 Loaded shared library c:\Users\jswto\.vscode\extensions\redhat.java-1.30.0-win32-x64\jre\17.0.10-win32-x86_64\bin\java.dll
Event: 0.268 Loaded shared library c:\Users\jswto\.vscode\extensions\redhat.java-1.30.0-win32-x64\jre\17.0.10-win32-x86_64\bin\zip.dll
Event: 0.284 Loaded shared library C:\Users\jswto\.vscode\extensions\redhat.java-1.30.0-win32-x64\jre\17.0.10-win32-x86_64\bin\instrument.dll
Event: 0.305 Loaded shared library C:\Users\jswto\.vscode\extensions\redhat.java-1.30.0-win32-x64\jre\17.0.10-win32-x86_64\bin\net.dll
Event: 0.308 Loaded shared library C:\Users\jswto\.vscode\extensions\redhat.java-1.30.0-win32-x64\jre\17.0.10-win32-x86_64\bin\nio.dll
Event: 0.317 Loaded shared library C:\Users\jswto\.vscode\extensions\redhat.java-1.30.0-win32-x64\jre\17.0.10-win32-x86_64\bin\zip.dll
Event: 0.352 Loaded shared library C:\Users\jswto\.vscode\extensions\redhat.java-1.30.0-win32-x64\jre\17.0.10-win32-x86_64\bin\jimage.dll
Event: 0.453 Loaded shared library c:\Users\jswto\.vscode\extensions\redhat.java-1.30.0-win32-x64\jre\17.0.10-win32-x86_64\bin\verify.dll

Deoptimization events (20 events):
Event: 0.699 Thread 0x000001a5afbb6da0 DEOPT PACKING pc=0x000001a5ba316e40 sp=0x0000005c1affc5d0
Event: 0.699 Thread 0x000001a5afbb6da0 DEOPT UNPACKING pc=0x000001a5b9db66a3 sp=0x0000005c1affc558 mode 2
Event: 0.712 Thread 0x000001a5afbb6da0 Uncommon trap: trap_request=0xffffff45 fr.pc=0x000001a5ba328dd4 relative=0x0000000000000614
Event: 0.712 Thread 0x000001a5afbb6da0 Uncommon trap: reason=unstable_if action=reinterpret pc=0x000001a5ba328dd4 method=java.lang.String.replace(Ljava/lang/CharSequence;Ljava/lang/CharSequence;)Ljava/lang/String; @ 48 c2
Event: 0.712 Thread 0x000001a5afbb6da0 DEOPT PACKING pc=0x000001a5ba328dd4 sp=0x0000005c1affc540
Event: 0.712 Thread 0x000001a5afbb6da0 DEOPT UNPACKING pc=0x000001a5b9db66a3 sp=0x0000005c1affc4c0 mode 2
Event: 0.751 Thread 0x000001a5afbb6da0 DEOPT PACKING pc=0x000001a5b2876a56 sp=0x0000005c1affdae0
Event: 0.751 Thread 0x000001a5afbb6da0 DEOPT UNPACKING pc=0x000001a5b9db6e43 sp=0x0000005c1affcf80 mode 0
Event: 0.784 Thread 0x000001a5afbb6da0 Uncommon trap: trap_request=0xffffff45 fr.pc=0x000001a5ba315b64 relative=0x00000000000002e4
Event: 0.784 Thread 0x000001a5afbb6da0 Uncommon trap: reason=unstable_if action=reinterpret pc=0x000001a5ba315b64 method=java.lang.StringUTF16.compress([CI[BII)I @ 20 c2
Event: 0.784 Thread 0x000001a5afbb6da0 DEOPT PACKING pc=0x000001a5ba315b64 sp=0x0000005c1affb6b0
Event: 0.784 Thread 0x000001a5afbb6da0 DEOPT UNPACKING pc=0x000001a5b9db66a3 sp=0x0000005c1affb630 mode 2
Event: 0.796 Thread 0x000001a5afbb6da0 Uncommon trap: trap_request=0xffffffde fr.pc=0x000001a5ba30e4b8 relative=0x00000000000006b8
Event: 0.796 Thread 0x000001a5afbb6da0 Uncommon trap: reason=class_check action=maybe_recompile pc=0x000001a5ba30e4b8 method=java.util.HashMap.putVal(ILjava/lang/Object;Ljava/lang/Object;ZZ)Ljava/lang/Object; @ 91 c2
Event: 0.796 Thread 0x000001a5afbb6da0 DEOPT PACKING pc=0x000001a5ba30e4b8 sp=0x0000005c1affd9a0
Event: 0.796 Thread 0x000001a5afbb6da0 DEOPT UNPACKING pc=0x000001a5b9db66a3 sp=0x0000005c1affd940 mode 2
Event: 0.800 Thread 0x000001a5afbb6da0 Uncommon trap: trap_request=0xffffff6e fr.pc=0x000001a5ba333a64 relative=0x00000000000001e4
Event: 0.801 Thread 0x000001a5afbb6da0 Uncommon trap: reason=loop_limit_check action=maybe_recompile pc=0x000001a5ba333a64 method=java.math.BigInteger.implMulAdd([I[IIII)I @ 26 c2
Event: 0.801 Thread 0x000001a5afbb6da0 DEOPT PACKING pc=0x000001a5ba333a64 sp=0x0000005c1affd450
Event: 0.801 Thread 0x000001a5afbb6da0 DEOPT UNPACKING pc=0x000001a5b9db66a3 sp=0x0000005c1affd3a0 mode 2

Classes unloaded (0 events):
No events

Classes redefined (0 events):
No events

Internal exceptions (2 events):
Event: 0.228 Thread 0x000001a5afbb6da0 Exception <a 'java/lang/NoSuchMethodError'{0x00000000eac52d20}: 'void java.lang.invoke.DirectMethodHandle$Holder.invokeStatic(java.lang.Object, java.lang.Object, java.lang.Object)'> (0x00000000eac52d20) 
thrown [s\src\hotspot\share\interpreter\linkResolver.cpp, line 759]
Event: 0.495 Thread 0x000001a5afbb6da0 Exception <a 'java/lang/reflect/InvocationTargetException'{0x00000000eb023788}> (0x00000000eb023788) 
thrown [s\src\hotspot\share\runtime\reflection.cpp, line 1121]

VM Operations (8 events):
Event: 0.234 Executing VM operation: HandshakeAllThreads
Event: 0.234 Executing VM operation: HandshakeAllThreads done
Event: 0.372 Executing VM operation: HandshakeAllThreads
Event: 0.372 Executing VM operation: HandshakeAllThreads done
Event: 0.817 Executing VM operation: HandshakeAllThreads
Event: 0.817 Executing VM operation: HandshakeAllThreads done
Event: 0.843 Executing VM operation: HandshakeAllThreads
Event: 0.843 Executing VM operation: HandshakeAllThreads done

Events (20 events):
Event: 0.839 loading class java/lang/NumberFormatException done
Event: 0.840 loading class java/security/Policy
Event: 0.840 loading class java/security/Policy done
Event: 0.841 loading class java/lang/SecurityException
Event: 0.841 loading class java/lang/SecurityException done
Event: 0.845 loading class java/net/URL$2
Event: 0.845 loading class java/net/URL$2 done
Event: 0.845 loading class java/net/URL$1
Event: 0.845 loading class java/net/URL$1 done
Event: 0.845 loading class java/net/spi/URLStreamHandlerProvider
Event: 0.845 loading class java/net/spi/URLStreamHandlerProvider done
Event: 0.845 loading class java/util/ServiceLoader
Event: 0.846 loading class java/util/ServiceLoader done
Event: 0.846 loading class java/util/ServiceLoader$ModuleServicesLookupIterator
Event: 0.846 loading class java/util/ServiceLoader$ModuleServicesLookupIterator done
Event: 0.846 loading class java/util/Spliterators$ArraySpliterator
Event: 0.846 loading class java/util/Spliterators$ArraySpliterator done
Event: 0.846 loading class java/util/Spliterators$1Adapter
Event: 0.847 loading class java/util/Spliterators$1Adapter done
Event: 0.847 loading class java/util/ServiceLoader$LazyClassPathLookupIterator


Dynamic libraries:
0x00007ff683930000 - 0x00007ff68393e000 	c:\Users\jswto\.vscode\extensions\redhat.java-1.30.0-win32-x64\jre\17.0.10-win32-x86_64\bin\java.exe
0x00007ffb44130000 - 0x00007ffb44346000 	C:\Windows\SYSTEM32\ntdll.dll
0x00007ffb42e50000 - 0x00007ffb42f14000 	C:\Windows\System32\KERNEL32.DLL
0x00007ffb414f0000 - 0x00007ffb41897000 	C:\Windows\System32\KERNELBASE.dll
0x00007ffb3e430000 - 0x00007ffb3e4c7000 	C:\Windows\SYSTEM32\apphelp.dll
0x00007ffb419f0000 - 0x00007ffb41b01000 	C:\Windows\System32\ucrtbase.dll
0x00007ffb2e420000 - 0x00007ffb2e437000 	c:\Users\jswto\.vscode\extensions\redhat.java-1.30.0-win32-x64\jre\17.0.10-win32-x86_64\bin\jli.dll
0x00007ffb42980000 - 0x00007ffb42b2e000 	C:\Windows\System32\USER32.dll
0x00007ffb414c0000 - 0x00007ffb414e6000 	C:\Windows\System32\win32u.dll
0x00007ffb42850000 - 0x00007ffb42879000 	C:\Windows\System32\GDI32.dll
0x00007ffb41bd0000 - 0x00007ffb41ce9000 	C:\Windows\System32\gdi32full.dll
0x00007ffb41950000 - 0x00007ffb419ea000 	C:\Windows\System32\msvcp_win.dll
0x00007ffb2c670000 - 0x00007ffb2c68b000 	c:\Users\jswto\.vscode\extensions\redhat.java-1.30.0-win32-x64\jre\17.0.10-win32-x86_64\bin\VCRUNTIME140.dll
0x00007ffb302c0000 - 0x00007ffb30553000 	C:\Windows\WinSxS\amd64_microsoft.windows.common-controls_6595b64144ccf1df_6.0.22621.3235_none_270f74e173860f98\COMCTL32.dll
0x00007ffb43e80000 - 0x00007ffb43f27000 	C:\Windows\System32\msvcrt.dll
0x00007ffb43fe0000 - 0x00007ffb44011000 	C:\Windows\System32\IMM32.DLL
0x00007ffb2f8d0000 - 0x00007ffb2f8dc000 	c:\Users\jswto\.vscode\extensions\redhat.java-1.30.0-win32-x64\jre\17.0.10-win32-x86_64\bin\vcruntime140_1.dll
0x00007ffb2a870000 - 0x00007ffb2a8fd000 	c:\Users\jswto\.vscode\extensions\redhat.java-1.30.0-win32-x64\jre\17.0.10-win32-x86_64\bin\msvcp140.dll
0x00007ffac8150000 - 0x00007ffac8db2000 	c:\Users\jswto\.vscode\extensions\redhat.java-1.30.0-win32-x64\jre\17.0.10-win32-x86_64\bin\server\jvm.dll
0x00007ffb424e0000 - 0x00007ffb42592000 	C:\Windows\System32\ADVAPI32.dll
0x00007ffb43b10000 - 0x00007ffb43bb8000 	C:\Windows\System32\sechost.dll
0x00007ffb418a0000 - 0x00007ffb418c8000 	C:\Windows\System32\bcrypt.dll
0x00007ffb425c0000 - 0x00007ffb426d5000 	C:\Windows\System32\RPCRT4.dll
0x00007ffb41320000 - 0x00007ffb4136d000 	C:\Windows\SYSTEM32\POWRPROF.dll
0x00007ffb3e3d0000 - 0x00007ffb3e3d9000 	C:\Windows\SYSTEM32\WSOCK32.dll
0x00007ffb365d0000 - 0x00007ffb365da000 	C:\Windows\SYSTEM32\VERSION.dll
0x00007ffb42dd0000 - 0x00007ffb42e41000 	C:\Windows\System32\WS2_32.dll
0x00007ffb39f40000 - 0x00007ffb39f74000 	C:\Windows\SYSTEM32\WINMM.dll
0x00007ffb41300000 - 0x00007ffb41313000 	C:\Windows\SYSTEM32\UMPDC.dll
0x00007ffb40450000 - 0x00007ffb40468000 	C:\Windows\SYSTEM32\kernel.appcore.dll
0x00007ffb2f730000 - 0x00007ffb2f73a000 	c:\Users\jswto\.vscode\extensions\redhat.java-1.30.0-win32-x64\jre\17.0.10-win32-x86_64\bin\jimage.dll
0x00007ffb3efc0000 - 0x00007ffb3f1f3000 	C:\Windows\SYSTEM32\DBGHELP.DLL
0x00007ffb42f20000 - 0x00007ffb432a8000 	C:\Windows\System32\combase.dll
0x00007ffb42cf0000 - 0x00007ffb42dc7000 	C:\Windows\System32\OLEAUT32.dll
0x00007ffb265d0000 - 0x00007ffb26602000 	C:\Windows\SYSTEM32\dbgcore.DLL
0x00007ffb418d0000 - 0x00007ffb41949000 	C:\Windows\System32\bcryptPrimitives.dll
0x00007ffb2ec00000 - 0x00007ffb2ec0e000 	c:\Users\jswto\.vscode\extensions\redhat.java-1.30.0-win32-x64\jre\17.0.10-win32-x86_64\bin\instrument.dll
0x00007ffb2b670000 - 0x00007ffb2b695000 	c:\Users\jswto\.vscode\extensions\redhat.java-1.30.0-win32-x64\jre\17.0.10-win32-x86_64\bin\java.dll
0x00007ffb2c650000 - 0x00007ffb2c668000 	c:\Users\jswto\.vscode\extensions\redhat.java-1.30.0-win32-x64\jre\17.0.10-win32-x86_64\bin\zip.dll
0x00007ffb432b0000 - 0x00007ffb43b0c000 	C:\Windows\System32\SHELL32.dll
0x00007ffb3f360000 - 0x00007ffb3fc59000 	C:\Windows\SYSTEM32\windows.storage.dll
0x00007ffb3f220000 - 0x00007ffb3f35e000 	C:\Windows\SYSTEM32\wintypes.dll
0x00007ffb42880000 - 0x00007ffb42973000 	C:\Windows\System32\SHCORE.dll
0x00007ffb42370000 - 0x00007ffb423ce000 	C:\Windows\System32\shlwapi.dll
0x00007ffb41380000 - 0x00007ffb413a1000 	C:\Windows\SYSTEM32\profapi.dll
0x00007ffb2c600000 - 0x00007ffb2c619000 	C:\Users\jswto\.vscode\extensions\redhat.java-1.30.0-win32-x64\jre\17.0.10-win32-x86_64\bin\net.dll
0x00007ffb3a630000 - 0x00007ffb3a766000 	C:\Windows\SYSTEM32\WINHTTP.dll
0x00007ffb408b0000 - 0x00007ffb40919000 	C:\Windows\system32\mswsock.dll
0x00007ffb2ec80000 - 0x00007ffb2ec96000 	C:\Users\jswto\.vscode\extensions\redhat.java-1.30.0-win32-x64\jre\17.0.10-win32-x86_64\bin\nio.dll
0x00007ffb2c690000 - 0x00007ffb2c6a0000 	c:\Users\jswto\.vscode\extensions\redhat.java-1.30.0-win32-x64\jre\17.0.10-win32-x86_64\bin\verify.dll

dbghelp: loaded successfully - version: 4.0.5 - missing functions: none
symbol engine: initialized successfully - sym options: 0x614 - pdb path: .;c:\Users\jswto\.vscode\extensions\redhat.java-1.30.0-win32-x64\jre\17.0.10-win32-x86_64\bin;C:\Windows\SYSTEM32;C:\Windows\WinSxS\amd64_microsoft.windows.common-controls_6595b64144ccf1df_6.0.22621.3235_none_270f74e173860f98;c:\Users\jswto\.vscode\extensions\redhat.java-1.30.0-win32-x64\jre\17.0.10-win32-x86_64\bin\server

VM Arguments:
jvm_args: --add-modules=ALL-SYSTEM --add-opens=java.base/java.util=ALL-UNNAMED --add-opens=java.base/java.lang=ALL-UNNAMED --add-opens=java.base/sun.nio.fs=ALL-UNNAMED -Declipse.application=org.eclipse.jdt.ls.core.id1 -Dosgi.bundles.defaultStartLevel=4 -Declipse.product=org.eclipse.jdt.ls.core.product -Djava.import.generatesMetadataFilesAtProjectRoot=false -DDetectVMInstallationsJob.disabled=true -Dfile.encoding=utf8 -XX:+UseParallelGC -XX:GCTimeRatio=4 -XX:AdaptiveSizePolicyWeight=90 -Dsun.zip.disableMemoryMapping=true -Xmx1G -Xms100m -Xlog:disable -javaagent:c:\Users\jswto\.vscode\extensions\redhat.java-1.30.0-win32-x64\lombok\lombok-1.18.32.jar 
java_command: c:\Users\jswto\.vscode\extensions\redhat.java-1.30.0-win32-x64\server\plugins\org.eclipse.equinox.launcher_1.6.800.v20240330-1250.jar -configuration c:\Users\jswto\AppData\Roaming\Code\User\globalStorage\redhat.java\1.30.0\config_ss_win -data c:\Users\jswto\AppData\Roaming\Code\User\workspaceStorage\5ea2ce5e52572e56690b43429b6dcc16\redhat.java\ss_ws --pipe=\\.\pipe\lsp-ab1b29e881cc79752e6c9db767f5628f-sock
java_class_path (initial): c:\Users\jswto\.vscode\extensions\redhat.java-1.30.0-win32-x64\server\plugins\org.eclipse.equinox.launcher_1.6.800.v20240330-1250.jar
Launcher Type: SUN_STANDARD

[Global flags]
    uintx AdaptiveSizePolicyWeight                 = 90                                        {product} {command line}
     intx CICompilerCount                          = 4                                         {product} {ergonomic}
    uintx GCTimeRatio                              = 4                                         {product} {command line}
   size_t InitialHeapSize                          = 104857600                                 {product} {command line}
   size_t MaxHeapSize                              = 1073741824                                {product} {command line}
   size_t MaxNewSize                               = 357564416                                 {product} {ergonomic}
   size_t MinHeapDeltaBytes                        = 524288                                    {product} {ergonomic}
   size_t MinHeapSize                              = 104857600                                 {product} {command line}
   size_t NewSize                                  = 34603008                                  {product} {ergonomic}
    uintx NonNMethodCodeHeapSize                   = 5839372                                {pd product} {ergonomic}
    uintx NonProfiledCodeHeapSize                  = 122909434                              {pd product} {ergonomic}
   size_t OldSize                                  = 70254592                                  {product} {ergonomic}
    uintx ProfiledCodeHeapSize                     = 122909434                              {pd product} {ergonomic}
    uintx ReservedCodeCacheSize                    = 251658240                              {pd product} {ergonomic}
     bool SegmentedCodeCache                       = true                                      {product} {ergonomic}
   size_t SoftMaxHeapSize                          = 1073741824                             {manageable} {ergonomic}
     bool UseCompressedClassPointers               = true                           {product lp64_product} {ergonomic}
     bool UseCompressedOops                        = true                           {product lp64_product} {ergonomic}
     bool UseLargePagesIndividualAllocation        = false                                  {pd product} {ergonomic}
     bool UseParallelGC                            = true                                      {product} {command line}

Logging:
Log output configuration:
 #0: stdout all=off uptime,level,tags
 #1: stderr all=off uptime,level,tags

Environment Variables:
JAVA_HOME=C:\Program Files\Java\jdk-17
PATH=C:\Program Files\Common Files\Oracle\Java\javapath;C:\Windows\system32;C:\Windows;C:\Windows\System32\Wbem;C:\Windows\System32\WindowsPowerShell\v1.0\;C:\Windows\System32\OpenSSH\;C:\Program Files\dotnet\;C:\Program Files\Bandizip\;C:\Program Files\Streamlink\bin;C:\Program Files\Docker\Docker\resources\bin;C:\Program Files\Java\jdk-17\bin\;C:\Program Files\nodejs\;C:\Program Files\Amazon\AWSCLIV2\;C:\Program Files\Git\cmd;C:\Program Files\PuTTY\;C:\Program Files\MySQL\MySQL Shell 8.0\bin\;C:\Users\jswto\AppData\Local\Programs\Python\Python311\Scripts\;C:\Users\jswto\AppData\Local\Programs\Python\Python311\;C:\Users\jswto\AppData\Local\Microsoft\WindowsApps;C:\Users\jswto\AppData\Local\Programs\Microsoft VS Code\bin;C:\Users\jswto\AppData\Roaming\npm
USERNAME=jswto
OS=Windows_NT
PROCESSOR_IDENTIFIER=AMD64 Family 25 Model 80 Stepping 0, AuthenticAMD
TMP=C:\Users\jswto\AppData\Local\Temp
TEMP=C:\Users\jswto\AppData\Local\Temp



Periodic native trim disabled


---------------  S Y S T E M  ---------------

OS:
 Windows 11 , 64 bit Build 22621 (10.0.22621.3374)
OS uptime: 21 days 18:37 hours
Hyper-V role detected

CPU: total 12 (initial active 12) (12 cores per cpu, 2 threads per core) family 25 model 80 stepping 0 microcode 0x0, cx8, cmov, fxsr, ht, mmx, 3dnowpref, sse, sse2, sse3, ssse3, sse4a, sse4.1, sse4.2, popcnt, lzcnt, tsc, tscinvbit, avx, avx2, aes, erms, clmul, bmi1, bmi2, adx, sha, fma, vzeroupper, clflush, clflushopt, hv
Processor Information for all 12 processors :
  Max Mhz: 2301, Current Mhz: 2301, Mhz Limit: 2301

Memory: 4k page, system-wide physical 14158M (589M free)
TotalPageFile size 44586M (AvailPageFile size 117M)
current process WorkingSet (physical memory assigned to process): 61M, peak: 61M
current process commit charge ("private bytes"): 205M, peak: 205M

vm_info: OpenJDK 64-Bit Server VM (17.0.10+7) for windows-amd64 JRE (17.0.10+7), built on Jan 16 2024 23:25:11 by "admin" with MS VC++ 16.10 / 16.11 (VS2019)

END.
